{"level":"info","message":"API Gateway started on port 3009","service":"api-gateway","timestamp":"2025-03-18T23:12:13.423Z"}
{"level":"info","message":"Identity service started on port http://localhost:3010","service":"api-gateway","timestamp":"2025-03-18T23:12:13.425Z"}
{"level":"info","message":"Redis URL redis://localhost:6379","service":"api-gateway","timestamp":"2025-03-18T23:12:13.425Z"}
{"level":"info","message":"Received POST request to /v1/auth/register","service":"api-gateway","timestamp":"2025-03-18T23:14:11.136Z"}
{"level":"info","message":"Request body: {\"username\":\"yana\",\"email\":\"yana@gmail.com\",\"password\":\"123456\"}","service":"api-gateway","timestamp":"2025-03-18T23:14:11.139Z"}
{"level":"info","message":"Responce receivd from Identity service: 404","service":"api-gateway","timestamp":"2025-03-18T23:14:11.319Z"}
{"level":"info","message":"API Gateway started on port 3009","service":"api-gateway","timestamp":"2025-03-18T23:18:13.445Z"}
{"level":"info","message":"Identity service started on port http://localhost:3010","service":"api-gateway","timestamp":"2025-03-18T23:18:13.452Z"}
{"level":"info","message":"Redis URL redis://localhost:6379","service":"api-gateway","timestamp":"2025-03-18T23:18:13.452Z"}
{"level":"info","message":"Received POST request to /v1/auth/register","service":"api-gateway","timestamp":"2025-03-18T23:18:22.831Z"}
{"level":"info","message":"Request body: {\"username\":\"yana\",\"email\":\"yana@gmail.com\",\"password\":\"123456\"}","service":"api-gateway","timestamp":"2025-03-18T23:18:22.832Z"}
{"level":"info","message":"Responce receivd from Identity service: 400","service":"api-gateway","timestamp":"2025-03-18T23:18:23.376Z"}
{"level":"info","message":"Received POST request to /v1/auth/register","service":"api-gateway","timestamp":"2025-03-18T23:18:31.651Z"}
{"level":"info","message":"Request body: {\"username\":\"yana2\",\"email\":\"yana2@gmail.com\",\"password\":\"123456\"}","service":"api-gateway","timestamp":"2025-03-18T23:18:31.652Z"}
{"level":"info","message":"Responce receivd from Identity service: 201","service":"api-gateway","timestamp":"2025-03-18T23:18:31.942Z"}
{"level":"info","message":"Received POST request to /v1/auth/register","service":"api-gateway","timestamp":"2025-03-18T23:19:59.337Z"}
{"level":"info","message":"Request body: {\"username\":\"yana2\",\"email\":\"yana2@gmail.com\",\"password\":\"123456\"}","service":"api-gateway","timestamp":"2025-03-18T23:19:59.339Z"}
{"level":"info","message":"Responce receivd from Identity service: 400","service":"api-gateway","timestamp":"2025-03-18T23:19:59.414Z"}
{"level":"info","message":"Received POST request to /v1/auth/login","service":"api-gateway","timestamp":"2025-03-18T23:35:46.738Z"}
{"level":"info","message":"Request body: {\"email\":\"yana@gmail.com\",\"password\":\"123456\"}","service":"api-gateway","timestamp":"2025-03-18T23:35:46.740Z"}
{"level":"info","message":"Responce receivd from Identity service: 200","service":"api-gateway","timestamp":"2025-03-18T23:35:46.971Z"}
{"level":"info","message":"Received POST request to /v1/auth/login","service":"api-gateway","timestamp":"2025-03-19T00:18:35.202Z"}
{"level":"info","message":"Request body: {\"email\":\"yana@gmail.com\",\"password\":\"123456\"}","service":"api-gateway","timestamp":"2025-03-19T00:18:35.206Z"}
{"level":"info","message":"Responce receivd from Identity service: 200","service":"api-gateway","timestamp":"2025-03-19T00:18:35.418Z"}
{"level":"info","message":"Received POST request to /v1/auth/refresh","service":"api-gateway","timestamp":"2025-03-19T00:21:53.071Z"}
{"level":"info","message":"Request body: {}","service":"api-gateway","timestamp":"2025-03-19T00:21:53.080Z"}
{"level":"info","message":"Responce receivd from Identity service: 401","service":"api-gateway","timestamp":"2025-03-19T00:21:53.162Z"}
{"level":"info","message":"Received POST request to /v1/auth/refresh","service":"api-gateway","timestamp":"2025-03-19T00:22:21.912Z"}
{"level":"info","message":"Request body: {\"refreshToken\":\"53c5e63609ce3612638be2785c9dd4d4b2e2686cb2680c219b3b2ef0305dbcbc1119f00bb9cc6988d6c1b2920051d893b5dde1dd4d8475b481231910fe84a7a7\"}","service":"api-gateway","timestamp":"2025-03-19T00:22:21.912Z"}
{"level":"info","message":"Responce receivd from Identity service: 200","service":"api-gateway","timestamp":"2025-03-19T00:22:22.129Z"}
{"level":"info","message":"Received POST request to /v1/auth/logout","service":"api-gateway","timestamp":"2025-03-19T00:22:40.144Z"}
{"level":"info","message":"Request body: {\"refreshToken\":\"53c5e63609ce3612638be2785c9dd4d4b2e2686cb2680c219b3b2ef0305dbcbc1119f00bb9cc6988d6c1b2920051d893b5dde1dd4d8475b481231910fe84a7a7\"}","service":"api-gateway","timestamp":"2025-03-19T00:22:40.145Z"}
{"level":"info","message":"Responce receivd from Identity service: 200","service":"api-gateway","timestamp":"2025-03-19T00:22:40.211Z"}
{"level":"info","message":"Received POST request to /v1/auth/logout","service":"api-gateway","timestamp":"2025-03-19T00:22:46.456Z"}
{"level":"info","message":"Request body: {\"refreshToken\":\"53c5e63609ce3612638be2785c9dd4d4b2e2686cb2680c219b3b2ef0305dbcbc1119f00bb9cc6988d6c1b2920051d893b5dde1dd4d8475b481231910fe84a7a7\"}","service":"api-gateway","timestamp":"2025-03-19T00:22:46.457Z"}
{"level":"info","message":"Responce receivd from Identity service: 200","service":"api-gateway","timestamp":"2025-03-19T00:22:46.505Z"}
{"level":"info","message":"Received POST request to /v1/auth/refresh","service":"api-gateway","timestamp":"2025-03-19T00:24:28.010Z"}
{"level":"info","message":"Request body: {\"refreshToken\":\"53c5e63609ce3612638be2785c9dd4d4b2e2686cb2680c219b3b2ef0305dbcbc1119f00bb9cc6988d6c1b2920051d893b5dde1dd4d8475b481231910fe84a7a7\"}","service":"api-gateway","timestamp":"2025-03-19T00:24:28.013Z"}
{"level":"info","message":"Responce receivd from Identity service: 401","service":"api-gateway","timestamp":"2025-03-19T00:24:28.070Z"}
{"level":"info","message":"API Gateway started on port 3009","service":"api-gateway","timestamp":"2025-03-19T00:33:31.484Z"}
{"level":"info","message":"Identity service started on port http://localhost:3010","service":"api-gateway","timestamp":"2025-03-19T00:33:31.485Z"}
{"level":"info","message":"Redis URL redis://localhost:6379","service":"api-gateway","timestamp":"2025-03-19T00:33:31.485Z"}
{"level":"info","message":"API Gateway started on port 3009","service":"api-gateway","timestamp":"2025-03-19T01:23:27.966Z"}
{"level":"info","message":"Identity service started on port http://localhost:3010","service":"api-gateway","timestamp":"2025-03-19T01:23:27.972Z"}
{"level":"info","message":"Redis URL redis://localhost:6379","service":"api-gateway","timestamp":"2025-03-19T01:23:27.972Z"}
{"level":"info","message":"API Gateway started on port 3009","service":"api-gateway","timestamp":"2025-03-19T01:23:35.175Z"}
{"level":"info","message":"Identity service started on port http://localhost:3010","service":"api-gateway","timestamp":"2025-03-19T01:23:35.176Z"}
{"level":"info","message":"Redis URL redis://localhost:6379","service":"api-gateway","timestamp":"2025-03-19T01:23:35.176Z"}
{"level":"info","message":"API Gateway started on port 3009","service":"api-gateway","timestamp":"2025-03-19T01:26:25.455Z"}
{"level":"info","message":"Identity service started on port http://localhost:3010","service":"api-gateway","timestamp":"2025-03-19T01:26:25.464Z"}
{"level":"info","message":"Redis URL redis://localhost:6379","service":"api-gateway","timestamp":"2025-03-19T01:26:25.464Z"}
{"level":"info","message":"API Gateway started on port 3009","service":"api-gateway","timestamp":"2025-03-19T01:27:01.734Z"}
{"level":"info","message":"Identity service started on port http://localhost:3010","service":"api-gateway","timestamp":"2025-03-19T01:27:01.745Z"}
{"level":"info","message":"Redis URL redis://localhost:6379","service":"api-gateway","timestamp":"2025-03-19T01:27:01.745Z"}
{"level":"info","message":"API Gateway started on port 3009","service":"api-gateway","timestamp":"2025-03-19T01:28:31.577Z"}
{"level":"info","message":"Identity service started on port http://localhost:3010","service":"api-gateway","timestamp":"2025-03-19T01:28:31.589Z"}
{"level":"info","message":"Redis URL redis://localhost:6379","service":"api-gateway","timestamp":"2025-03-19T01:28:31.589Z"}
{"level":"info","message":"API Gateway started on port 3009","service":"api-gateway","timestamp":"2025-03-19T01:29:30.169Z"}
{"level":"info","message":"Identity service started on port http://localhost:3010","service":"api-gateway","timestamp":"2025-03-19T01:29:30.171Z"}
{"level":"info","message":"Redis URL redis://localhost:6379","service":"api-gateway","timestamp":"2025-03-19T01:29:30.171Z"}
{"level":"info","message":"API Gateway started on port 3009","service":"api-gateway","timestamp":"2025-03-19T01:30:20.082Z"}
{"level":"info","message":"Identity service started on port http://localhost:3010","service":"api-gateway","timestamp":"2025-03-19T01:30:20.086Z"}
{"level":"info","message":"Redis URL redis://localhost:6379","service":"api-gateway","timestamp":"2025-03-19T01:30:20.087Z"}
{"level":"info","message":"API Gateway started on port 3009","service":"api-gateway","timestamp":"2025-03-19T01:30:50.275Z"}
{"level":"info","message":"Identity service started on port http://localhost:3010","service":"api-gateway","timestamp":"2025-03-19T01:30:50.280Z"}
{"level":"info","message":"Redis URL redis://localhost:6379","service":"api-gateway","timestamp":"2025-03-19T01:30:50.280Z"}
{"level":"info","message":"API Gateway started on port 3009","service":"api-gateway","timestamp":"2025-03-19T01:32:45.232Z"}
{"level":"info","message":"Identity service started on port http://localhost:3010","service":"api-gateway","timestamp":"2025-03-19T01:32:45.239Z"}
{"level":"info","message":"Redis URL redis://localhost:6379","service":"api-gateway","timestamp":"2025-03-19T01:32:45.240Z"}
{"level":"info","message":"API Gateway started on port 3009","service":"api-gateway","timestamp":"2025-03-19T01:33:23.220Z"}
{"level":"info","message":"Identity service started on port http://localhost:3010","service":"api-gateway","timestamp":"2025-03-19T01:33:23.222Z"}
{"level":"info","message":"Post service started on port http://localhost:3008","service":"api-gateway","timestamp":"2025-03-19T01:33:23.222Z"}
{"level":"info","message":"Redis URL redis://localhost:6379","service":"api-gateway","timestamp":"2025-03-19T01:33:23.222Z"}
{"level":"info","message":"Received POST request to /v1/posts/create","service":"api-gateway","timestamp":"2025-03-19T01:36:04.636Z"}
{"level":"info","message":"Request body: {\"title\":\"some title\",\"text\":\"some text\"}","service":"api-gateway","timestamp":"2025-03-19T01:36:04.638Z"}
{"level":"warn","message":"No token provided","service":"api-gateway","timestamp":"2025-03-19T01:36:04.640Z"}
{"level":"info","message":"Received POST request to /v1/auth/login","service":"api-gateway","timestamp":"2025-03-19T01:44:44.660Z"}
{"level":"info","message":"Request body: {\"email\":\"yana@gmail.com\",\"password\":\"123456\"}","service":"api-gateway","timestamp":"2025-03-19T01:44:44.664Z"}
{"level":"info","message":"Responce receivd from Identity service: 200","service":"api-gateway","timestamp":"2025-03-19T01:44:44.972Z"}
{"level":"info","message":"Received POST request to /v1/posts/create","service":"api-gateway","timestamp":"2025-03-19T01:45:02.429Z"}
{"level":"info","message":"API Gateway started on port 3009","service":"api-gateway","timestamp":"2025-03-19T01:57:57.685Z"}
{"level":"info","message":"Identity service started on port http://localhost:3010","service":"api-gateway","timestamp":"2025-03-19T01:57:57.697Z"}
{"level":"info","message":"Post service started on port http://localhost:3008","service":"api-gateway","timestamp":"2025-03-19T01:57:57.698Z"}
{"level":"info","message":"Redis URL redis://localhost:6379","service":"api-gateway","timestamp":"2025-03-19T01:57:57.698Z"}
{"level":"info","message":"Received POST request to /v1/posts/create","service":"api-gateway","timestamp":"2025-03-19T01:58:05.357Z"}
{"level":"info","message":"API Gateway started on port 3009","service":"api-gateway","timestamp":"2025-03-19T02:04:23.365Z"}
{"level":"info","message":"Identity service started on port http://localhost:3010","service":"api-gateway","timestamp":"2025-03-19T02:04:23.366Z"}
{"level":"info","message":"Post service started on port http://localhost:3008","service":"api-gateway","timestamp":"2025-03-19T02:04:23.367Z"}
{"level":"info","message":"Redis URL redis://localhost:6379","service":"api-gateway","timestamp":"2025-03-19T02:04:23.367Z"}
{"level":"info","message":"Received POST request to /v1/posts/create","service":"api-gateway","timestamp":"2025-03-19T02:04:52.333Z"}
{"level":"info","message":"Request body: {\"title\":\"some title\",\"text\":\"some text\"}","service":"api-gateway","timestamp":"2025-03-19T02:04:52.334Z"}
{"level":"warn","message":"Invalid token","service":"api-gateway","timestamp":"2025-03-19T02:04:52.340Z"}
{"level":"info","message":"Received POST request to /v1/auth/login","service":"api-gateway","timestamp":"2025-03-19T02:05:03.028Z"}
{"level":"info","message":"Request body: {\"email\":\"yana@gmail.com\",\"password\":\"123456\"}","service":"api-gateway","timestamp":"2025-03-19T02:05:03.029Z"}
{"level":"info","message":"Responce receivd from Identity service: 200","service":"api-gateway","timestamp":"2025-03-19T02:05:03.266Z"}
{"level":"info","message":"Received POST request to /v1/posts/create","service":"api-gateway","timestamp":"2025-03-19T02:05:19.223Z"}
{"level":"info","message":"API Gateway started on port 3009","service":"api-gateway","timestamp":"2025-03-19T02:14:07.330Z"}
{"level":"info","message":"Identity service started on port http://localhost:3010","service":"api-gateway","timestamp":"2025-03-19T02:14:07.339Z"}
{"level":"info","message":"Post service started on port http://localhost:3008","service":"api-gateway","timestamp":"2025-03-19T02:14:07.339Z"}
{"level":"info","message":"Redis URL redis://localhost:6379","service":"api-gateway","timestamp":"2025-03-19T02:14:07.339Z"}
{"level":"info","message":"Received POST request to /v1/posts/create","service":"api-gateway","timestamp":"2025-03-19T02:14:13.137Z"}
{"level":"info","message":"Request body: {\"title\":\"some title\",\"text\":\"some text\"}","service":"api-gateway","timestamp":"2025-03-19T02:14:13.138Z"}
{"0":"T","1":"y","10":"[","100":"l","101":"i","102":"e","103":"n","104":"t","105":"R","106":"e","107":"q","108":"u","109":"e","11":"E","110":"s","111":"t","112":".","113":"s","114":"e","115":"t","116":"H","117":"e","118":"a","119":"d","12":"R","120":"e","121":"r","122":" ","123":"(","124":"n","125":"o","126":"d","127":"e","128":":","129":"_","13":"R","130":"h","131":"t","132":"t","133":"p","134":"_","135":"o","136":"u","137":"t","138":"g","139":"o","14":"_","140":"i","141":"n","142":"g","143":":","144":"7","145":"0","146":"2","147":":","148":"3","149":")","15":"H","150":"\n","151":" ","152":" ","153":" ","154":" ","155":"a","156":"t","157":" ","158":"n","159":"e","16":"T","160":"w","161":" ","162":"C","163":"l","164":"i","165":"e","166":"n","167":"t","168":"R","169":"e","17":"T","170":"q","171":"u","172":"e","173":"s","174":"t","175":" ","176":"(","177":"n","178":"o","179":"d","18":"P","180":"e","181":":","182":"_","183":"h","184":"t","185":"t","186":"p","187":"_","188":"c","189":"l","19":"_","190":"i","191":"e","192":"n","193":"t","194":":","195":"3","196":"0","197":"2","198":":","199":"1","2":"p","20":"I","200":"4","201":")","202":"\n","203":" ","204":" ","205":" ","206":" ","207":"a","208":"t","209":" ","21":"N","210":"O","211":"b","212":"j","213":"e","214":"c","215":"t","216":".","217":"r","218":"e","219":"q","22":"V","220":"u","221":"e","222":"s","223":"t","224":" ","225":"(","226":"n","227":"o","228":"d","229":"e","23":"A","230":":","231":"h","232":"t","233":"t","234":"p","235":":","236":"1","237":"0","238":"2","239":":","24":"L","240":"1","241":"0","242":")","243":"\n","244":" ","245":" ","246":" ","247":" ","248":"a","249":"t","25":"I","250":" ","251":"/","252":"U","253":"s","254":"e","255":"r","256":"s","257":"/","258":"o","259":"g","26":"D","260":"o","261":"n","262":"c","263":"h","264":"a","265":"r","266":"e","267":"n","268":"k","269":"o","27":"_","270":"/","271":"P","272":"r","273":"o","274":"j","275":"e","276":"c","277":"t","278":"s","279":"/","28":"H","280":"s","281":"o","282":"c","283":"i","284":"a","285":"l","286":"-","287":"m","288":"e","289":"d","29":"E","290":"i","291":"a","292":"-","293":"m","294":"i","295":"c","296":"r","297":"o","298":"s","299":"e","3":"e","30":"A","300":"r","301":"v","302":"i","303":"c","304":"e","305":"s","306":"/","307":"a","308":"p","309":"i","31":"D","310":"-","311":"g","312":"a","313":"t","314":"e","315":"w","316":"a","317":"y","318":"/","319":"n","32":"E","320":"o","321":"d","322":"e","323":"_","324":"m","325":"o","326":"d","327":"u","328":"l","329":"e","33":"R","330":"s","331":"/","332":"e","333":"x","334":"p","335":"r","336":"e","337":"s","338":"s","339":"-","34":"_","340":"h","341":"t","342":"t","343":"p","344":"-","345":"p","346":"r","347":"o","348":"x","349":"y","35":"V","350":"/","351":"a","352":"p","353":"p","354":"/","355":"s","356":"t","357":"e","358":"p","359":"s","36":"A","360":"/","361":"s","362":"e","363":"n","364":"d","365":"P","366":"r","367":"o","368":"x","369":"y","37":"L","370":"R","371":"e","372":"q","373":"u","374":"e","375":"s","376":"t","377":".","378":"j","379":"s","38":"U","380":":","381":"1","382":"3","383":":","384":"5","385":"1","386":"\n","387":" ","388":" ","389":" ","39":"E","390":" ","391":"a","392":"t","393":" ","394":"n","395":"e","396":"w","397":" ","398":"P","399":"r","4":"E","40":"]","400":"o","401":"m","402":"i","403":"s","404":"e","405":" ","406":"(","407":"<","408":"a","409":"n","41":":","410":"o","411":"n","412":"y","413":"m","414":"o","415":"u","416":"s","417":">","418":")","419":"\n","42":" ","420":" ","421":" ","422":" ","423":" ","424":"a","425":"t","426":" ","427":"s","428":"e","429":"n","43":"I","430":"d","431":"P","432":"r","433":"o","434":"x","435":"y","436":"R","437":"e","438":"q","439":"u","44":"n","440":"e","441":"s","442":"t","443":" ","444":"(","445":"/","446":"U","447":"s","448":"e","449":"r","45":"v","450":"s","451":"/","452":"o","453":"g","454":"o","455":"n","456":"c","457":"h","458":"a","459":"r","46":"a","460":"e","461":"n","462":"k","463":"o","464":"/","465":"P","466":"r","467":"o","468":"j","469":"e","47":"l","470":"c","471":"t","472":"s","473":"/","474":"s","475":"o","476":"c","477":"i","478":"a","479":"l","48":"i","480":"-","481":"m","482":"e","483":"d","484":"i","485":"a","486":"-","487":"m","488":"i","489":"c","49":"d","490":"r","491":"o","492":"s","493":"e","494":"r","495":"v","496":"i","497":"c","498":"e","499":"s","5":"r","50":" ","500":"/","501":"a","502":"p","503":"i","504":"-","505":"g","506":"a","507":"t","508":"e","509":"w","51":"v","510":"a","511":"y","512":"/","513":"n","514":"o","515":"d","516":"e","517":"_","518":"m","519":"o","52":"a","520":"d","521":"u","522":"l","523":"e","524":"s","525":"/","526":"e","527":"x","528":"p","529":"r","53":"l","530":"e","531":"s","532":"s","533":"-","534":"h","535":"t","536":"t","537":"p","538":"-","539":"p","54":"u","540":"r","541":"o","542":"x","543":"y","544":"/","545":"a","546":"p","547":"p","548":"/","549":"s","55":"e","550":"t","551":"e","552":"p","553":"s","554":"/","555":"s","556":"e","557":"n","558":"d","559":"P","56":" ","560":"r","561":"o","562":"x","563":"y","564":"R","565":"e","566":"q","567":"u","568":"e","569":"s","57":"\"","570":"t","571":".","572":"j","573":"s","574":":","575":"1","576":"1","577":":","578":"1","579":"0","58":"u","580":")","581":"\n","582":" ","583":" ","584":" ","585":" ","586":"a","587":"t","588":" ","589":"p","59":"n","590":"r","591":"o","592":"c","593":"e","594":"s","595":"s","596":".","597":"p","598":"r","599":"o","6":"r","60":"d","600":"c","601":"e","602":"s","603":"s","604":"T","605":"i","606":"c","607":"k","608":"s","609":"A","61":"e","610":"n","611":"d","612":"R","613":"e","614":"j","615":"e","616":"c","617":"t","618":"i","619":"o","62":"f","620":"n","621":"s","622":" ","623":"(","624":"n","625":"o","626":"d","627":"e","628":":","629":"i","63":"i","630":"n","631":"t","632":"e","633":"r","634":"n","635":"a","636":"l","637":"/","638":"p","639":"r","64":"n","640":"o","641":"c","642":"e","643":"s","644":"s","645":"/","646":"t","647":"a","648":"s","649":"k","65":"e","650":"_","651":"q","652":"u","653":"e","654":"u","655":"e","656":"s","657":":","658":"1","659":"0","66":"d","660":"5","661":":","662":"5","663":")","67":"\"","68":" ","69":"f","7":"o","70":"o","71":"r","72":" ","73":"h","74":"e","75":"a","76":"d","77":"e","78":"r","79":" ","8":"r","80":"\"","81":"x","82":"-","83":"u","84":"s","85":"e","86":"r","87":"-","88":"i","89":"d","9":" ","90":"\"","91":"\n","92":" ","93":" ","94":" ","95":" ","96":"a","97":"t","98":" ","99":"C","level":"error","message":"Proxy error","service":"api-gateway","timestamp":"2025-03-19T02:14:13.148Z"}
{"level":"info","message":"API Gateway started on port 3009","service":"api-gateway","timestamp":"2025-03-19T02:17:53.850Z"}
{"level":"info","message":"Identity service started on port http://localhost:3010","service":"api-gateway","timestamp":"2025-03-19T02:17:53.856Z"}
{"level":"info","message":"Post service started on port http://localhost:3008","service":"api-gateway","timestamp":"2025-03-19T02:17:53.857Z"}
{"level":"info","message":"Redis URL redis://localhost:6379","service":"api-gateway","timestamp":"2025-03-19T02:17:53.857Z"}
{"level":"info","message":"Received POST request to /v1/posts/create","service":"api-gateway","timestamp":"2025-03-19T02:18:00.352Z"}
{"level":"info","message":"Request body: {\"title\":\"some title\",\"text\":\"some text\"}","service":"api-gateway","timestamp":"2025-03-19T02:18:00.352Z"}
{"level":"info","message":"Responce receivd from Post service: 201","service":"api-gateway","timestamp":"2025-03-19T02:18:00.581Z"}
{"level":"info","message":"Received POST request to /v1/posts/create","service":"api-gateway","timestamp":"2025-03-19T02:27:17.711Z"}
{"level":"info","message":"Request body: {\"title\":\"some title\",\"text\":\"some text\"}","service":"api-gateway","timestamp":"2025-03-19T02:27:17.712Z"}
{"level":"warn","message":"Invalid token","service":"api-gateway","timestamp":"2025-03-19T02:27:17.719Z"}
{"level":"info","message":"Received POST request to /v1/auth/login","service":"api-gateway","timestamp":"2025-03-19T02:27:24.865Z"}
{"level":"info","message":"Request body: {\"email\":\"yana@gmail.com\",\"password\":\"123456\"}","service":"api-gateway","timestamp":"2025-03-19T02:27:24.866Z"}
{"level":"info","message":"Responce receivd from Identity service: 200","service":"api-gateway","timestamp":"2025-03-19T02:27:25.076Z"}
{"level":"info","message":"Received POST request to /v1/posts/create","service":"api-gateway","timestamp":"2025-03-19T02:27:39.715Z"}
{"level":"info","message":"Request body: {\"title\":\"some title\",\"text\":\"some text\"}","service":"api-gateway","timestamp":"2025-03-19T02:27:39.716Z"}
{"level":"info","message":"Responce receivd from Post service: 500","service":"api-gateway","timestamp":"2025-03-19T02:27:39.754Z"}
{"level":"info","message":"Received POST request to /v1/posts/create","service":"api-gateway","timestamp":"2025-03-19T02:27:56.904Z"}
{"level":"info","message":"Request body: {\"title\":\"some title\",\"text\":\"some text\"}","service":"api-gateway","timestamp":"2025-03-19T02:27:56.905Z"}
{"level":"info","message":"Responce receivd from Post service: 201","service":"api-gateway","timestamp":"2025-03-19T02:27:57.027Z"}
{"level":"info","message":"Received GET request to /v1/posts","service":"api-gateway","timestamp":"2025-03-19T02:30:24.727Z"}
{"level":"info","message":"Request body: {\"title\":\"some title\",\"text\":\"some text\"}","service":"api-gateway","timestamp":"2025-03-19T02:30:24.729Z"}
{"level":"info","message":"Responce receivd from Post service: 200","service":"api-gateway","timestamp":"2025-03-19T02:30:24.812Z"}
{"level":"info","message":"Received GET request to /v1/posts","service":"api-gateway","timestamp":"2025-03-19T02:40:14.152Z"}
{"level":"info","message":"Request body: {\"title\":\"some title\",\"text\":\"some text\"}","service":"api-gateway","timestamp":"2025-03-19T02:40:14.153Z"}
{"level":"info","message":"Responce receivd from Post service: 200","service":"api-gateway","timestamp":"2025-03-19T02:40:14.222Z"}
{"level":"info","message":"Received GET request to /v1/posts","service":"api-gateway","timestamp":"2025-03-19T04:08:04.475Z"}
{"level":"info","message":"Request body: {\"title\":\"some title\",\"text\":\"some text\"}","service":"api-gateway","timestamp":"2025-03-19T04:08:04.479Z"}
{"level":"warn","message":"Invalid token","service":"api-gateway","timestamp":"2025-03-19T04:08:04.483Z"}
{"level":"info","message":"Received POST request to /v1/auth/refresh","service":"api-gateway","timestamp":"2025-03-19T04:08:20.489Z"}
{"level":"info","message":"Request body: {\"refreshToken\":\"53c5e63609ce3612638be2785c9dd4d4b2e2686cb2680c219b3b2ef0305dbcbc1119f00bb9cc6988d6c1b2920051d893b5dde1dd4d8475b481231910fe84a7a7\"}","service":"api-gateway","timestamp":"2025-03-19T04:08:20.490Z"}
{"level":"info","message":"Responce receivd from Identity service: 401","service":"api-gateway","timestamp":"2025-03-19T04:08:20.931Z"}
{"level":"info","message":"Received POST request to /v1/auth/login","service":"api-gateway","timestamp":"2025-03-19T04:08:24.113Z"}
{"level":"info","message":"Request body: {\"email\":\"yana@gmail.com\",\"password\":\"123456\"}","service":"api-gateway","timestamp":"2025-03-19T04:08:24.114Z"}
{"level":"info","message":"Responce receivd from Identity service: 200","service":"api-gateway","timestamp":"2025-03-19T04:08:24.269Z"}
{"level":"info","message":"Received GET request to /v1/posts","service":"api-gateway","timestamp":"2025-03-19T04:08:36.209Z"}
{"level":"info","message":"Request body: {\"title\":\"some title\",\"text\":\"some text\"}","service":"api-gateway","timestamp":"2025-03-19T04:08:36.210Z"}
{"level":"info","message":"Responce receivd from Post service: 500","service":"api-gateway","timestamp":"2025-03-19T04:08:36.337Z"}
{"level":"info","message":"Received GET request to /v1/posts","service":"api-gateway","timestamp":"2025-03-19T04:09:05.399Z"}
{"level":"info","message":"Request body: {\"title\":\"some title\",\"text\":\"some text\"}","service":"api-gateway","timestamp":"2025-03-19T04:09:05.400Z"}
{"level":"info","message":"Responce receivd from Post service: 200","service":"api-gateway","timestamp":"2025-03-19T04:09:05.516Z"}
{"level":"info","message":"Received GET request to /v1/posts","service":"api-gateway","timestamp":"2025-03-19T04:09:40.947Z"}
{"level":"info","message":"Request body: {\"title\":\"some title\",\"text\":\"some text\"}","service":"api-gateway","timestamp":"2025-03-19T04:09:40.948Z"}
{"level":"info","message":"Responce receivd from Post service: 200","service":"api-gateway","timestamp":"2025-03-19T04:09:40.970Z"}
{"level":"info","message":"Received GET request to /v1/posts","service":"api-gateway","timestamp":"2025-03-19T04:09:44.915Z"}
{"level":"info","message":"Request body: {\"title\":\"some title\",\"text\":\"some text\"}","service":"api-gateway","timestamp":"2025-03-19T04:09:44.917Z"}
{"level":"info","message":"Responce receivd from Post service: 200","service":"api-gateway","timestamp":"2025-03-19T04:09:44.932Z"}
{"level":"info","message":"Received GET request to /v1/posts","service":"api-gateway","timestamp":"2025-03-19T04:09:46.197Z"}
{"level":"info","message":"Request body: {\"title\":\"some title\",\"text\":\"some text\"}","service":"api-gateway","timestamp":"2025-03-19T04:09:46.197Z"}
{"level":"info","message":"Responce receivd from Post service: 200","service":"api-gateway","timestamp":"2025-03-19T04:09:46.203Z"}
{"level":"info","message":"Received GET request to /v1/posts","service":"api-gateway","timestamp":"2025-03-19T04:09:47.436Z"}
{"level":"info","message":"Request body: {\"title\":\"some title\",\"text\":\"some text\"}","service":"api-gateway","timestamp":"2025-03-19T04:09:47.436Z"}
{"level":"info","message":"Responce receivd from Post service: 200","service":"api-gateway","timestamp":"2025-03-19T04:09:47.445Z"}
{"level":"info","message":"Received GET request to /v1/posts","service":"api-gateway","timestamp":"2025-03-19T04:09:48.377Z"}
{"level":"info","message":"Request body: {\"title\":\"some title\",\"text\":\"some text\"}","service":"api-gateway","timestamp":"2025-03-19T04:09:48.377Z"}
{"level":"info","message":"Responce receivd from Post service: 200","service":"api-gateway","timestamp":"2025-03-19T04:09:48.382Z"}
{"level":"info","message":"Received GET request to /v1/posts","service":"api-gateway","timestamp":"2025-03-19T04:09:49.371Z"}
{"level":"info","message":"Request body: {\"title\":\"some title\",\"text\":\"some text\"}","service":"api-gateway","timestamp":"2025-03-19T04:09:49.371Z"}
{"level":"info","message":"Responce receivd from Post service: 200","service":"api-gateway","timestamp":"2025-03-19T04:09:49.383Z"}
{"level":"info","message":"Received POST request to /v1/posts/create","service":"api-gateway","timestamp":"2025-03-19T04:15:56.750Z"}
{"level":"info","message":"Request body: {\"title\":\"some titleasdasdasd\",\"text\":\"some text\"}","service":"api-gateway","timestamp":"2025-03-19T04:15:56.753Z"}
{"level":"warn","message":"Invalid token","service":"api-gateway","timestamp":"2025-03-19T04:15:56.761Z"}
{"level":"info","message":"Received POST request to /v1/posts/create","service":"api-gateway","timestamp":"2025-03-19T04:16:16.658Z"}
{"level":"info","message":"Request body: {\"title\":\"some titleasdasdasd\",\"text\":\"some text\"}","service":"api-gateway","timestamp":"2025-03-19T04:16:16.659Z"}
{"level":"info","message":"Responce receivd from Post service: 201","service":"api-gateway","timestamp":"2025-03-19T04:16:16.765Z"}
{"level":"info","message":"Received GET request to /v1/posts","service":"api-gateway","timestamp":"2025-03-19T04:16:22.579Z"}
{"level":"info","message":"Request body: {\"title\":\"some title\",\"text\":\"some text\"}","service":"api-gateway","timestamp":"2025-03-19T04:16:22.580Z"}
{"level":"info","message":"Responce receivd from Post service: 200","service":"api-gateway","timestamp":"2025-03-19T04:16:22.678Z"}
{"level":"info","message":"Received GET request to /v1/posts","service":"api-gateway","timestamp":"2025-03-19T04:16:24.943Z"}
{"level":"info","message":"Request body: {\"title\":\"some title\",\"text\":\"some text\"}","service":"api-gateway","timestamp":"2025-03-19T04:16:24.943Z"}
{"level":"info","message":"Responce receivd from Post service: 200","service":"api-gateway","timestamp":"2025-03-19T04:16:24.965Z"}
{"level":"info","message":"Received GET request to /v1/posts","service":"api-gateway","timestamp":"2025-03-19T04:16:26.856Z"}
{"level":"info","message":"Request body: {\"title\":\"some title\",\"text\":\"some text\"}","service":"api-gateway","timestamp":"2025-03-19T04:16:26.856Z"}
{"level":"info","message":"Responce receivd from Post service: 200","service":"api-gateway","timestamp":"2025-03-19T04:16:26.863Z"}
{"level":"info","message":"Received GET request to /v1/posts","service":"api-gateway","timestamp":"2025-03-19T04:16:28.328Z"}
{"level":"info","message":"Request body: {\"title\":\"some title\",\"text\":\"some text\"}","service":"api-gateway","timestamp":"2025-03-19T04:16:28.328Z"}
{"level":"info","message":"Responce receivd from Post service: 200","service":"api-gateway","timestamp":"2025-03-19T04:16:28.338Z"}
{"level":"info","message":"Received POST request to /v1/posts/create","service":"api-gateway","timestamp":"2025-03-19T04:17:30.504Z"}
{"level":"info","message":"Request body: {\"title\":\"some titleasdasdasd\",\"text\":\"some text234234\"}","service":"api-gateway","timestamp":"2025-03-19T04:17:30.504Z"}
{"level":"info","message":"Responce receivd from Post service: 201","service":"api-gateway","timestamp":"2025-03-19T04:17:30.590Z"}
{"level":"info","message":"Received GET request to /v1/posts","service":"api-gateway","timestamp":"2025-03-19T04:17:35.108Z"}
{"level":"info","message":"Request body: {\"title\":\"some title\",\"text\":\"some text\"}","service":"api-gateway","timestamp":"2025-03-19T04:17:35.109Z"}
{"level":"info","message":"Responce receivd from Post service: 200","service":"api-gateway","timestamp":"2025-03-19T04:17:35.212Z"}
{"level":"info","message":"Received GET request to /v1/posts","service":"api-gateway","timestamp":"2025-03-19T04:18:50.889Z"}
{"level":"info","message":"Request body: {\"title\":\"some title\",\"text\":\"some text\"}","service":"api-gateway","timestamp":"2025-03-19T04:18:50.890Z"}
{"level":"info","message":"Responce receivd from Post service: 200","service":"api-gateway","timestamp":"2025-03-19T04:18:50.950Z"}
{"level":"info","message":"Received GET request to /v1/posts","service":"api-gateway","timestamp":"2025-03-19T04:19:06.363Z"}
{"level":"info","message":"Request body: {\"title\":\"some title\",\"text\":\"some text\"}","service":"api-gateway","timestamp":"2025-03-19T04:19:06.365Z"}
{"level":"info","message":"Responce receivd from Post service: 200","service":"api-gateway","timestamp":"2025-03-19T04:19:06.412Z"}
{"level":"info","message":"Received GET request to /v1/posts","service":"api-gateway","timestamp":"2025-03-19T04:19:07.724Z"}
{"level":"info","message":"Request body: {\"title\":\"some title\",\"text\":\"some text\"}","service":"api-gateway","timestamp":"2025-03-19T04:19:07.724Z"}
{"level":"info","message":"Responce receivd from Post service: 200","service":"api-gateway","timestamp":"2025-03-19T04:19:07.733Z"}
{"level":"info","message":"Received GET request to /v1/posts","service":"api-gateway","timestamp":"2025-03-19T04:22:12.835Z"}
{"level":"info","message":"Request body: {\"title\":\"some title\",\"text\":\"some text\"}","service":"api-gateway","timestamp":"2025-03-19T04:22:12.837Z"}
{"level":"info","message":"Responce receivd from Post service: 200","service":"api-gateway","timestamp":"2025-03-19T04:22:12.876Z"}
{"level":"info","message":"Received POST request to /v1/posts/create","service":"api-gateway","timestamp":"2025-03-19T04:22:16.481Z"}
{"level":"info","message":"Request body: {\"title\":\"some titleasdasdasd\",\"text\":\"some text234234\"}","service":"api-gateway","timestamp":"2025-03-19T04:22:16.481Z"}
{"level":"info","message":"Responce receivd from Post service: 201","service":"api-gateway","timestamp":"2025-03-19T04:22:16.557Z"}
{"level":"info","message":"Received GET request to /v1/posts","service":"api-gateway","timestamp":"2025-03-19T04:22:19.834Z"}
{"level":"info","message":"Request body: {\"title\":\"some title\",\"text\":\"some text\"}","service":"api-gateway","timestamp":"2025-03-19T04:22:19.834Z"}
{"level":"info","message":"Responce receivd from Post service: 500","service":"api-gateway","timestamp":"2025-03-19T04:22:19.932Z"}
{"level":"info","message":"Received GET request to /v1/posts","service":"api-gateway","timestamp":"2025-03-19T04:22:44.579Z"}
{"level":"info","message":"Request body: {\"title\":\"some title\",\"text\":\"some text\"}","service":"api-gateway","timestamp":"2025-03-19T04:22:44.580Z"}
{"level":"info","message":"Responce receivd from Post service: 500","service":"api-gateway","timestamp":"2025-03-19T04:22:44.666Z"}
{"level":"info","message":"Received GET request to /v1/posts","service":"api-gateway","timestamp":"2025-03-19T04:24:19.775Z"}
{"level":"info","message":"Request body: {\"title\":\"some title\",\"text\":\"some text\"}","service":"api-gateway","timestamp":"2025-03-19T04:24:19.775Z"}
{"level":"warn","message":"Invalid token","service":"api-gateway","timestamp":"2025-03-19T04:24:19.777Z"}
{"level":"info","message":"Received POST request to /v1/auth/login","service":"api-gateway","timestamp":"2025-03-19T04:24:25.621Z"}
{"level":"info","message":"Request body: {\"email\":\"yana@gmail.com\",\"password\":\"123456\"}","service":"api-gateway","timestamp":"2025-03-19T04:24:25.621Z"}
{"level":"info","message":"Responce receivd from Identity service: 200","service":"api-gateway","timestamp":"2025-03-19T04:24:25.813Z"}
{"level":"info","message":"Received GET request to /v1/posts","service":"api-gateway","timestamp":"2025-03-19T04:24:37.180Z"}
{"level":"info","message":"Request body: {\"title\":\"some title\",\"text\":\"some text\"}","service":"api-gateway","timestamp":"2025-03-19T04:24:37.181Z"}
{"level":"info","message":"Responce receivd from Post service: 200","service":"api-gateway","timestamp":"2025-03-19T04:24:37.329Z"}
{"level":"info","message":"Received POST request to /v1/posts/create","service":"api-gateway","timestamp":"2025-03-19T04:24:44.076Z"}
{"level":"info","message":"Request body: {\"title\":\"some titleasdasdasd\",\"text\":\"some text234234\"}","service":"api-gateway","timestamp":"2025-03-19T04:24:44.077Z"}
{"level":"info","message":"Responce receivd from Post service: 201","service":"api-gateway","timestamp":"2025-03-19T04:24:44.161Z"}
{"level":"info","message":"Received GET request to /v1/posts","service":"api-gateway","timestamp":"2025-03-19T04:24:48.875Z"}
{"level":"info","message":"Request body: {\"title\":\"some title\",\"text\":\"some text\"}","service":"api-gateway","timestamp":"2025-03-19T04:24:48.876Z"}
{"level":"info","message":"Responce receivd from Post service: 200","service":"api-gateway","timestamp":"2025-03-19T04:24:48.971Z"}
{"level":"info","message":"Received GET request to /v1/posts","service":"api-gateway","timestamp":"2025-03-19T04:24:50.969Z"}
{"level":"info","message":"Request body: {\"title\":\"some title\",\"text\":\"some text\"}","service":"api-gateway","timestamp":"2025-03-19T04:24:50.970Z"}
{"level":"info","message":"Responce receivd from Post service: 200","service":"api-gateway","timestamp":"2025-03-19T04:24:50.992Z"}
{"level":"info","message":"Received GET request to /v1/posts","service":"api-gateway","timestamp":"2025-03-19T04:29:48.997Z"}
{"level":"info","message":"Request body: {\"title\":\"some title\",\"text\":\"some text\"}","service":"api-gateway","timestamp":"2025-03-19T04:29:48.998Z"}
{"level":"info","message":"Responce receivd from Post service: 200","service":"api-gateway","timestamp":"2025-03-19T04:29:49.140Z"}
{"level":"info","message":"Received GET request to /v1/posts","service":"api-gateway","timestamp":"2025-03-19T04:29:50.735Z"}
{"level":"info","message":"Request body: {\"title\":\"some title\",\"text\":\"some text\"}","service":"api-gateway","timestamp":"2025-03-19T04:29:50.735Z"}
{"level":"info","message":"Responce receivd from Post service: 200","service":"api-gateway","timestamp":"2025-03-19T04:29:50.755Z"}
{"level":"info","message":"Received GET request to /v1/posts/1","service":"api-gateway","timestamp":"2025-03-19T04:34:50.658Z"}
{"level":"info","message":"Request body: {\"title\":\"some title\",\"text\":\"some text\"}","service":"api-gateway","timestamp":"2025-03-19T04:34:50.664Z"}
{"level":"info","message":"Responce receivd from Post service: 500","service":"api-gateway","timestamp":"2025-03-19T04:34:50.708Z"}
{"level":"info","message":"Received GET request to /v1/posts/2","service":"api-gateway","timestamp":"2025-03-19T04:34:54.455Z"}
{"level":"info","message":"Request body: {\"title\":\"some title\",\"text\":\"some text\"}","service":"api-gateway","timestamp":"2025-03-19T04:34:54.455Z"}
{"level":"info","message":"Responce receivd from Post service: 500","service":"api-gateway","timestamp":"2025-03-19T04:34:54.475Z"}
{"level":"info","message":"Received GET request to /v1/posts/3","service":"api-gateway","timestamp":"2025-03-19T04:34:56.404Z"}
{"level":"info","message":"Request body: {\"title\":\"some title\",\"text\":\"some text\"}","service":"api-gateway","timestamp":"2025-03-19T04:34:56.404Z"}
{"level":"info","message":"Responce receivd from Post service: 500","service":"api-gateway","timestamp":"2025-03-19T04:34:56.425Z"}
{"level":"info","message":"Received GET request to /v1/posts/4","service":"api-gateway","timestamp":"2025-03-19T04:34:57.724Z"}
{"level":"info","message":"Request body: {\"title\":\"some title\",\"text\":\"some text\"}","service":"api-gateway","timestamp":"2025-03-19T04:34:57.724Z"}
{"level":"info","message":"Responce receivd from Post service: 500","service":"api-gateway","timestamp":"2025-03-19T04:34:57.735Z"}
{"level":"info","message":"Received GET request to /v1/posts/67da4678a12af261f347a963","service":"api-gateway","timestamp":"2025-03-19T04:35:18.343Z"}
{"level":"info","message":"Request body: {\"title\":\"some title\",\"text\":\"some text\"}","service":"api-gateway","timestamp":"2025-03-19T04:35:18.345Z"}
{"level":"info","message":"Responce receivd from Post service: 200","service":"api-gateway","timestamp":"2025-03-19T04:35:18.417Z"}
{"level":"info","message":"Received GET request to /v1/posts/67da4678a12af261f347a963","service":"api-gateway","timestamp":"2025-03-19T04:35:27.152Z"}
{"level":"info","message":"Request body: {\"title\":\"some title\",\"text\":\"some text\"}","service":"api-gateway","timestamp":"2025-03-19T04:35:27.153Z"}
{"level":"info","message":"Responce receivd from Post service: 200","service":"api-gateway","timestamp":"2025-03-19T04:35:27.185Z"}
{"level":"info","message":"Received GET request to /v1/posts/67da4678a12af261f347a963","service":"api-gateway","timestamp":"2025-03-19T04:35:28.793Z"}
{"level":"info","message":"Request body: {\"title\":\"some title\",\"text\":\"some text\"}","service":"api-gateway","timestamp":"2025-03-19T04:35:28.793Z"}
{"level":"info","message":"Responce receivd from Post service: 200","service":"api-gateway","timestamp":"2025-03-19T04:35:28.800Z"}
{"level":"info","message":"Received GET request to /v1/posts/67da4678a12af261f347a963","service":"api-gateway","timestamp":"2025-03-19T04:35:30.384Z"}
{"level":"info","message":"Request body: {\"title\":\"some title\",\"text\":\"some text\"}","service":"api-gateway","timestamp":"2025-03-19T04:35:30.385Z"}
{"level":"info","message":"Responce receivd from Post service: 200","service":"api-gateway","timestamp":"2025-03-19T04:35:30.403Z"}
{"level":"info","message":"Received DELETE request to /v1/posts/67da4678a12af261f347a963","service":"api-gateway","timestamp":"2025-03-19T04:41:34.652Z"}
{"level":"info","message":"Request body: {\"title\":\"some title\",\"text\":\"some text\"}","service":"api-gateway","timestamp":"2025-03-19T04:41:34.655Z"}
{"level":"warn","message":"Invalid token","service":"api-gateway","timestamp":"2025-03-19T04:41:34.658Z"}
{"level":"info","message":"Received POST request to /v1/auth/login","service":"api-gateway","timestamp":"2025-03-19T04:41:41.655Z"}
{"level":"info","message":"Request body: {\"email\":\"yana@gmail.com\",\"password\":\"123456\"}","service":"api-gateway","timestamp":"2025-03-19T04:41:41.656Z"}
{"level":"info","message":"Responce receivd from Identity service: 200","service":"api-gateway","timestamp":"2025-03-19T04:41:41.888Z"}
{"level":"info","message":"Received DELETE request to /v1/posts/67da4678a12af261f347a963","service":"api-gateway","timestamp":"2025-03-19T04:41:52.988Z"}
{"level":"info","message":"Request body: {\"title\":\"some title\",\"text\":\"some text\"}","service":"api-gateway","timestamp":"2025-03-19T04:41:52.988Z"}
{"level":"info","message":"Responce receivd from Post service: 200","service":"api-gateway","timestamp":"2025-03-19T04:41:53.096Z"}
{"level":"info","message":"Received DELETE request to /v1/posts/67da4678a12af261f347a963","service":"api-gateway","timestamp":"2025-03-19T04:41:59.044Z"}
{"level":"info","message":"Request body: {\"title\":\"some title\",\"text\":\"some text\"}","service":"api-gateway","timestamp":"2025-03-19T04:41:59.047Z"}
{"level":"info","message":"Responce receivd from Post service: 404","service":"api-gateway","timestamp":"2025-03-19T04:41:59.170Z"}
{"level":"info","message":"Received GET request to /v1/posts","service":"api-gateway","timestamp":"2025-03-19T04:42:07.129Z"}
{"level":"info","message":"Request body: {\"title\":\"some title\",\"text\":\"some text\"}","service":"api-gateway","timestamp":"2025-03-19T04:42:07.129Z"}
{"level":"info","message":"Responce receivd from Post service: 200","service":"api-gateway","timestamp":"2025-03-19T04:42:07.295Z"}
{"level":"info","message":"Received GET request to /v1/posts","service":"api-gateway","timestamp":"2025-03-19T04:46:43.834Z"}
{"level":"info","message":"Request body: {\"title\":\"some title\",\"text\":\"some text\"}","service":"api-gateway","timestamp":"2025-03-19T04:46:43.837Z"}
{"level":"info","message":"Responce receivd from Post service: 200","service":"api-gateway","timestamp":"2025-03-19T04:46:43.878Z"}
{"level":"info","message":"Received GET request to /v1/posts","service":"api-gateway","timestamp":"2025-03-19T04:46:45.833Z"}
{"level":"info","message":"Request body: {\"title\":\"some title\",\"text\":\"some text\"}","service":"api-gateway","timestamp":"2025-03-19T04:46:45.833Z"}
{"level":"info","message":"Responce receivd from Post service: 200","service":"api-gateway","timestamp":"2025-03-19T04:46:45.854Z"}
