{"level":"info","message":"Post service started on port 3008","service":"post-service","timestamp":"2025-03-19T01:21:48.700Z"}
{"level":"info","message":"Connected to database","service":"post-service","timestamp":"2025-03-19T01:21:49.204Z"}
{"level":"info","message":"Received POST request to /api/posts/create","service":"post-service","timestamp":"2025-03-19T02:18:00.413Z"}
{"level":"info","message":"Request body: {\"title\":\"some title\",\"text\":\"some text\"}","service":"post-service","timestamp":"2025-03-19T02:18:00.416Z"}
{"level":"info","message":"Creating post","service":"post-service","timestamp":"2025-03-19T02:18:00.427Z"}
{"$__":{"$versionError":null,"activePaths":{"paths":{"text":"require","title":"require","user":"require"},"states":{"default":{},"modify":{},"require":{"text":true,"title":true,"user":true}}},"backup":{"activePaths":{"default":{"_id":true,"createdAt":true},"modify":{"mediaUrls":true,"text":true,"title":true,"updatedAt":true,"user":true}},"validationError":null},"cachedRequired":{},"inserting":true,"op":null,"pathsToScopes":{"mediaUrls":{"__v":0,"_id":"67da29585fbf43881e5f0bc3","createdAt":"2025-03-19T02:18:00.436Z","mediaUrls":[],"text":"some text","title":"some title","updatedAt":"2025-03-19T02:18:00.436Z","user":"67d9bef46c9708f48dc1341f"}},"saveOptions":null,"savedState":{},"saving":null,"validating":null},"$isNew":false,"_doc":{"__v":0,"_id":"67da29585fbf43881e5f0bc3","createdAt":"2025-03-19T02:18:00.436Z","mediaUrls":[],"text":"some text","title":"some title","updatedAt":"2025-03-19T02:18:00.436Z","user":"67d9bef46c9708f48dc1341f"},"level":"info","message":"Post created successfully","service":"post-service","timestamp":"2025-03-19T02:18:00.510Z"}
{"level":"info","message":"Post service started on port 3008","service":"post-service","timestamp":"2025-03-19T02:23:57.367Z"}
{"level":"info","message":"Connected to database","service":"post-service","timestamp":"2025-03-19T02:23:57.872Z"}
{"level":"info","message":"Post service started on port 3008","service":"post-service","timestamp":"2025-03-19T02:24:10.616Z"}
{"level":"info","message":"Connected to database","service":"post-service","timestamp":"2025-03-19T02:24:11.094Z"}
{"level":"info","message":"Post service started on port 3008","service":"post-service","timestamp":"2025-03-19T02:25:15.646Z"}
{"level":"info","message":"Connected to database","service":"post-service","timestamp":"2025-03-19T02:25:16.205Z"}
{"level":"info","message":"Post service started on port 3008","service":"post-service","timestamp":"2025-03-19T02:27:10.205Z"}
{"level":"info","message":"Connected to database","service":"post-service","timestamp":"2025-03-19T02:27:10.699Z"}
{"level":"info","message":"Received POST request to /api/posts/create","service":"post-service","timestamp":"2025-03-19T02:27:39.745Z"}
{"level":"info","message":"Request body: {\"title\":\"some title\",\"text\":\"some text\"}","service":"post-service","timestamp":"2025-03-19T02:27:39.745Z"}
{"level":"info","message":"Creating post","service":"post-service","timestamp":"2025-03-19T02:27:39.750Z"}
{"level":"error","message":"Error creating post validatePost is not defined","service":"post-service","stack":"ReferenceError: validatePost is not defined\n    at createPost (file:///Users/ogoncharenko/Projects/social-media-microservices/post-service/src/controllers/postController.js:7:23)\n    at Layer.handle [as handle_request] (/Users/ogoncharenko/Projects/social-media-microservices/post-service/node_modules/express/lib/router/layer.js:95:5)\n    at next (/Users/ogoncharenko/Projects/social-media-microservices/post-service/node_modules/express/lib/router/route.js:149:13)\n    at Route.dispatch (/Users/ogoncharenko/Projects/social-media-microservices/post-service/node_modules/express/lib/router/route.js:119:3)\n    at Layer.handle [as handle_request] (/Users/ogoncharenko/Projects/social-media-microservices/post-service/node_modules/express/lib/router/layer.js:95:5)\n    at /Users/ogoncharenko/Projects/social-media-microservices/post-service/node_modules/express/lib/router/index.js:284:15\n    at Function.process_params (/Users/ogoncharenko/Projects/social-media-microservices/post-service/node_modules/express/lib/router/index.js:346:12)\n    at next (/Users/ogoncharenko/Projects/social-media-microservices/post-service/node_modules/express/lib/router/index.js:280:10)\n    at authenticateRequest (file:///Users/ogoncharenko/Projects/social-media-microservices/post-service/src/middlewares/authMeddleware.js:12:3)\n    at Layer.handle [as handle_request] (/Users/ogoncharenko/Projects/social-media-microservices/post-service/node_modules/express/lib/router/layer.js:95:5)","timestamp":"2025-03-19T02:27:39.751Z"}
{"level":"info","message":"Post service started on port 3008","service":"post-service","timestamp":"2025-03-19T02:27:54.324Z"}
{"level":"info","message":"Connected to database","service":"post-service","timestamp":"2025-03-19T02:27:54.789Z"}
{"level":"info","message":"Received POST request to /api/posts/create","service":"post-service","timestamp":"2025-03-19T02:27:56.964Z"}
{"level":"info","message":"Request body: {\"title\":\"some title\",\"text\":\"some text\"}","service":"post-service","timestamp":"2025-03-19T02:27:56.964Z"}
{"level":"info","message":"Creating post","service":"post-service","timestamp":"2025-03-19T02:27:56.968Z"}
{"$__":{"$versionError":null,"activePaths":{"paths":{"text":"require","title":"require","user":"require"},"states":{"default":{},"modify":{},"require":{"text":true,"title":true,"user":true}}},"backup":{"activePaths":{"default":{"_id":true,"createdAt":true},"modify":{"mediaUrls":true,"text":true,"title":true,"updatedAt":true,"user":true}},"validationError":null},"cachedRequired":{},"inserting":true,"op":null,"pathsToScopes":{"mediaUrls":{"__v":0,"_id":"67da2bac27f0d2a88cafd3a7","createdAt":"2025-03-19T02:27:56.974Z","mediaUrls":[],"text":"some text","title":"some title","updatedAt":"2025-03-19T02:27:56.974Z","user":"67d9bef46c9708f48dc1341f"}},"saveOptions":null,"savedState":{},"saving":null,"validating":null},"$isNew":false,"_doc":{"__v":0,"_id":"67da2bac27f0d2a88cafd3a7","createdAt":"2025-03-19T02:27:56.974Z","mediaUrls":[],"text":"some text","title":"some title","updatedAt":"2025-03-19T02:27:56.974Z","user":"67d9bef46c9708f48dc1341f"},"level":"info","message":"Post created successfully","service":"post-service","timestamp":"2025-03-19T02:27:57.024Z"}
{"level":"info","message":"Post service started on port 3008","service":"post-service","timestamp":"2025-03-19T02:29:31.150Z"}
{"level":"info","message":"Connected to database","service":"post-service","timestamp":"2025-03-19T02:29:31.663Z"}
{"level":"info","message":"Received GET request to /api/posts","service":"post-service","timestamp":"2025-03-19T02:30:24.758Z"}
{"level":"info","message":"Request body: {\"title\":\"some title\",\"text\":\"some text\"}","service":"post-service","timestamp":"2025-03-19T02:30:24.759Z"}
{"level":"info","message":"Getting all posts","service":"post-service","timestamp":"2025-03-19T02:30:24.766Z"}
{"level":"info","message":"Posts fetched successfully","service":"post-service","timestamp":"2025-03-19T02:30:24.810Z"}
{"level":"info","message":"Post service started on port 3008","service":"post-service","timestamp":"2025-03-19T02:37:46.488Z"}
{"level":"info","message":"Connected to database","service":"post-service","timestamp":"2025-03-19T02:37:46.963Z"}
{"level":"info","message":"Post service started on port 3008","service":"post-service","timestamp":"2025-03-19T02:40:05.204Z"}
{"level":"info","message":"Connected to database","service":"post-service","timestamp":"2025-03-19T02:40:05.699Z"}
{"level":"info","message":"Received GET request to /api/posts","service":"post-service","timestamp":"2025-03-19T02:40:14.174Z"}
{"level":"info","message":"Request body: {\"title\":\"some title\",\"text\":\"some text\"}","service":"post-service","timestamp":"2025-03-19T02:40:14.175Z"}
{"level":"info","message":"Getting all posts","service":"post-service","timestamp":"2025-03-19T02:40:14.179Z"}
{"level":"info","message":"Posts fetched successfully","service":"post-service","timestamp":"2025-03-19T02:40:14.220Z"}
{"level":"info","message":"Post service started on port 3008","service":"post-service","timestamp":"2025-03-19T04:04:12.547Z"}
{"level":"info","message":"Connected to database","service":"post-service","timestamp":"2025-03-19T04:04:13.090Z"}
{"level":"info","message":"Post service started on port 3008","service":"post-service","timestamp":"2025-03-19T04:04:41.889Z"}
{"level":"info","message":"Connected to database","service":"post-service","timestamp":"2025-03-19T04:04:42.395Z"}
{"level":"info","message":"Post service started on port 3008","service":"post-service","timestamp":"2025-03-19T04:05:11.888Z"}
{"level":"info","message":"Connected to database","service":"post-service","timestamp":"2025-03-19T04:05:12.467Z"}
{"level":"info","message":"Post service started on port 3008","service":"post-service","timestamp":"2025-03-19T04:06:49.721Z"}
{"level":"info","message":"Connected to database","service":"post-service","timestamp":"2025-03-19T04:06:50.310Z"}
{"level":"info","message":"Post service started on port 3008","service":"post-service","timestamp":"2025-03-19T04:07:37.903Z"}
{"level":"info","message":"Connected to database","service":"post-service","timestamp":"2025-03-19T04:07:38.652Z"}
{"level":"info","message":"Post service started on port 3008","service":"post-service","timestamp":"2025-03-19T04:08:00.993Z"}
{"level":"info","message":"Connected to database","service":"post-service","timestamp":"2025-03-19T04:08:01.455Z"}
{"level":"info","message":"Received GET request to /api/posts","service":"post-service","timestamp":"2025-03-19T04:08:36.239Z"}
{"level":"info","message":"Request body: {\"title\":\"some title\",\"text\":\"some text\"}","service":"post-service","timestamp":"2025-03-19T04:08:36.240Z"}
{"level":"info","message":"Getting all posts","service":"post-service","timestamp":"2025-03-19T04:08:36.246Z"}
{"command":{"args":["posts:1:10","{\"success\":true,\"posts\":[{\"_id\":\"67da2bac27f0d2a88cafd3a7\",\"user\":\"67d9bef46c9708f48dc1341f\",\"title\":\"some title\",\"text\":\"some text\",\"mediaUrls\":[],\"createdAt\":\"2025-03-19T02:27:56.974Z\",\"updatedAt\":\"2025-03-19T02:27:56.974Z\",\"__v\":0},{\"_id\":\"67da29585fbf43881e5f0bc3\",\"user\":\"67d9bef46c9708f48dc1341f\",\"title\":\"some title\",\"text\":\"some text\",\"mediaUrls\":[],\"createdAt\":\"2025-03-19T02:18:00.436Z\",\"updatedAt\":\"2025-03-19T02:18:00.436Z\",\"__v\":0}],\"currentPage\":1,\"totalPages\":1}"],"name":"setex"},"level":"error","message":"Error fetching posts ERR wrong number of arguments for 'setex' command","service":"post-service","stack":"ReplyError: ERR wrong number of arguments for 'setex' command\n    at parseError (/Users/ogoncharenko/Projects/social-media-microservices/post-service/node_modules/redis-parser/lib/parser.js:179:12)\n    at parseType (/Users/ogoncharenko/Projects/social-media-microservices/post-service/node_modules/redis-parser/lib/parser.js:302:14)","timestamp":"2025-03-19T04:08:36.335Z"}
{"level":"info","message":"Post service started on port 3008","service":"post-service","timestamp":"2025-03-19T04:08:59.673Z"}
{"level":"info","message":"Connected to database","service":"post-service","timestamp":"2025-03-19T04:09:00.140Z"}
{"level":"info","message":"Received GET request to /api/posts","service":"post-service","timestamp":"2025-03-19T04:09:05.422Z"}
{"level":"info","message":"Request body: {\"title\":\"some title\",\"text\":\"some text\"}","service":"post-service","timestamp":"2025-03-19T04:09:05.422Z"}
{"level":"info","message":"Getting all posts","service":"post-service","timestamp":"2025-03-19T04:09:05.426Z"}
{"level":"info","message":"Posts fetched successfully","service":"post-service","timestamp":"2025-03-19T04:09:05.511Z"}
{"level":"info","message":"Received GET request to /api/posts","service":"post-service","timestamp":"2025-03-19T04:09:40.955Z"}
{"level":"info","message":"Request body: {\"title\":\"some title\",\"text\":\"some text\"}","service":"post-service","timestamp":"2025-03-19T04:09:40.955Z"}
{"level":"info","message":"Getting all posts","service":"post-service","timestamp":"2025-03-19T04:09:40.960Z"}
{"level":"info","message":"Posts fetched from cache","service":"post-service","timestamp":"2025-03-19T04:09:40.965Z"}
{"level":"info","message":"Received GET request to /api/posts","service":"post-service","timestamp":"2025-03-19T04:09:44.922Z"}
{"level":"info","message":"Request body: {\"title\":\"some title\",\"text\":\"some text\"}","service":"post-service","timestamp":"2025-03-19T04:09:44.922Z"}
{"level":"info","message":"Getting all posts","service":"post-service","timestamp":"2025-03-19T04:09:44.928Z"}
{"level":"info","message":"Posts fetched from cache","service":"post-service","timestamp":"2025-03-19T04:09:44.929Z"}
{"level":"info","message":"Received GET request to /api/posts","service":"post-service","timestamp":"2025-03-19T04:09:46.200Z"}
{"level":"info","message":"Request body: {\"title\":\"some title\",\"text\":\"some text\"}","service":"post-service","timestamp":"2025-03-19T04:09:46.200Z"}
{"level":"info","message":"Getting all posts","service":"post-service","timestamp":"2025-03-19T04:09:46.201Z"}
{"level":"info","message":"Posts fetched from cache","service":"post-service","timestamp":"2025-03-19T04:09:46.202Z"}
{"level":"info","message":"Received GET request to /api/posts","service":"post-service","timestamp":"2025-03-19T04:09:47.441Z"}
{"level":"info","message":"Request body: {\"title\":\"some title\",\"text\":\"some text\"}","service":"post-service","timestamp":"2025-03-19T04:09:47.441Z"}
{"level":"info","message":"Getting all posts","service":"post-service","timestamp":"2025-03-19T04:09:47.443Z"}
{"level":"info","message":"Posts fetched from cache","service":"post-service","timestamp":"2025-03-19T04:09:47.444Z"}
{"level":"info","message":"Received GET request to /api/posts","service":"post-service","timestamp":"2025-03-19T04:09:48.379Z"}
{"level":"info","message":"Request body: {\"title\":\"some title\",\"text\":\"some text\"}","service":"post-service","timestamp":"2025-03-19T04:09:48.379Z"}
{"level":"info","message":"Getting all posts","service":"post-service","timestamp":"2025-03-19T04:09:48.381Z"}
{"level":"info","message":"Posts fetched from cache","service":"post-service","timestamp":"2025-03-19T04:09:48.382Z"}
{"level":"info","message":"Received GET request to /api/posts","service":"post-service","timestamp":"2025-03-19T04:09:49.377Z"}
{"level":"info","message":"Request body: {\"title\":\"some title\",\"text\":\"some text\"}","service":"post-service","timestamp":"2025-03-19T04:09:49.378Z"}
{"level":"info","message":"Getting all posts","service":"post-service","timestamp":"2025-03-19T04:09:49.381Z"}
{"level":"info","message":"Posts fetched from cache","service":"post-service","timestamp":"2025-03-19T04:09:49.382Z"}
{"level":"info","message":"Post service started on port 3008","service":"post-service","timestamp":"2025-03-19T04:12:22.851Z"}
{"level":"info","message":"Connected to database","service":"post-service","timestamp":"2025-03-19T04:12:23.522Z"}
{"level":"info","message":"Post service started on port 3008","service":"post-service","timestamp":"2025-03-19T04:12:31.052Z"}
{"level":"info","message":"Connected to database","service":"post-service","timestamp":"2025-03-19T04:12:31.538Z"}
{"level":"info","message":"Post service started on port 3008","service":"post-service","timestamp":"2025-03-19T04:14:05.913Z"}
{"level":"info","message":"Connected to database","service":"post-service","timestamp":"2025-03-19T04:14:06.526Z"}
{"level":"info","message":"Received POST request to /api/posts/create","service":"post-service","timestamp":"2025-03-19T04:16:16.695Z"}
{"level":"info","message":"Request body: {\"title\":\"some titleasdasdasd\",\"text\":\"some text\"}","service":"post-service","timestamp":"2025-03-19T04:16:16.696Z"}
{"level":"info","message":"Creating post","service":"post-service","timestamp":"2025-03-19T04:16:16.702Z"}
{"$__":{"$versionError":null,"activePaths":{"paths":{"text":"require","title":"require","user":"require"},"states":{"default":{},"modify":{},"require":{"text":true,"title":true,"user":true}}},"backup":{"activePaths":{"default":{"_id":true,"createdAt":true},"modify":{"mediaUrls":true,"text":true,"title":true,"updatedAt":true,"user":true}},"validationError":null},"cachedRequired":{},"inserting":true,"op":null,"pathsToScopes":{"mediaUrls":{"__v":0,"_id":"67da4510507742de178e5585","createdAt":"2025-03-19T04:16:16.708Z","mediaUrls":[],"text":"some text","title":"some titleasdasdasd","updatedAt":"2025-03-19T04:16:16.708Z","user":"67d9bef46c9708f48dc1341f"}},"saveOptions":null,"savedState":{},"saving":null,"validating":null},"$isNew":false,"_doc":{"__v":0,"_id":"67da4510507742de178e5585","createdAt":"2025-03-19T04:16:16.708Z","mediaUrls":[],"text":"some text","title":"some titleasdasdasd","updatedAt":"2025-03-19T04:16:16.708Z","user":"67d9bef46c9708f48dc1341f"},"level":"info","message":"Post created successfully","service":"post-service","timestamp":"2025-03-19T04:16:16.762Z"}
{"level":"info","message":"Received GET request to /api/posts","service":"post-service","timestamp":"2025-03-19T04:16:22.586Z"}
{"level":"info","message":"Request body: {\"title\":\"some title\",\"text\":\"some text\"}","service":"post-service","timestamp":"2025-03-19T04:16:22.587Z"}
{"level":"info","message":"Getting all posts","service":"post-service","timestamp":"2025-03-19T04:16:22.593Z"}
{"level":"info","message":"Posts fetched successfully","service":"post-service","timestamp":"2025-03-19T04:16:22.677Z"}
{"level":"info","message":"Received GET request to /api/posts","service":"post-service","timestamp":"2025-03-19T04:16:24.955Z"}
{"level":"info","message":"Request body: {\"title\":\"some title\",\"text\":\"some text\"}","service":"post-service","timestamp":"2025-03-19T04:16:24.955Z"}
{"level":"info","message":"Getting all posts","service":"post-service","timestamp":"2025-03-19T04:16:24.958Z"}
{"level":"info","message":"Posts fetched from cache","service":"post-service","timestamp":"2025-03-19T04:16:24.961Z"}
{"level":"info","message":"Received GET request to /api/posts","service":"post-service","timestamp":"2025-03-19T04:16:26.859Z"}
{"level":"info","message":"Request body: {\"title\":\"some title\",\"text\":\"some text\"}","service":"post-service","timestamp":"2025-03-19T04:16:26.859Z"}
{"level":"info","message":"Getting all posts","service":"post-service","timestamp":"2025-03-19T04:16:26.860Z"}
{"level":"info","message":"Posts fetched from cache","service":"post-service","timestamp":"2025-03-19T04:16:26.862Z"}
{"level":"info","message":"Received GET request to /api/posts","service":"post-service","timestamp":"2025-03-19T04:16:28.333Z"}
{"level":"info","message":"Request body: {\"title\":\"some title\",\"text\":\"some text\"}","service":"post-service","timestamp":"2025-03-19T04:16:28.333Z"}
{"level":"info","message":"Getting all posts","service":"post-service","timestamp":"2025-03-19T04:16:28.335Z"}
{"level":"info","message":"Posts fetched from cache","service":"post-service","timestamp":"2025-03-19T04:16:28.336Z"}
{"level":"info","message":"Received POST request to /api/posts/create","service":"post-service","timestamp":"2025-03-19T04:17:30.532Z"}
{"level":"info","message":"Request body: {\"title\":\"some titleasdasdasd\",\"text\":\"some text234234\"}","service":"post-service","timestamp":"2025-03-19T04:17:30.533Z"}
{"level":"info","message":"Creating post","service":"post-service","timestamp":"2025-03-19T04:17:30.538Z"}
{"$__":{"$versionError":null,"activePaths":{"paths":{"text":"require","title":"require","user":"require"},"states":{"default":{},"modify":{},"require":{"text":true,"title":true,"user":true}}},"backup":{"activePaths":{"default":{"_id":true,"createdAt":true},"modify":{"mediaUrls":true,"text":true,"title":true,"updatedAt":true,"user":true}},"validationError":null},"cachedRequired":{},"inserting":true,"op":null,"pathsToScopes":{"mediaUrls":{"__v":0,"_id":"67da455a507742de178e5589","createdAt":"2025-03-19T04:17:30.542Z","mediaUrls":[],"text":"some text234234","title":"some titleasdasdasd","updatedAt":"2025-03-19T04:17:30.542Z","user":"67d9bef46c9708f48dc1341f"}},"saveOptions":null,"savedState":{},"saving":null,"validating":null},"$isNew":false,"_doc":{"__v":0,"_id":"67da455a507742de178e5589","createdAt":"2025-03-19T04:17:30.542Z","mediaUrls":[],"text":"some text234234","title":"some titleasdasdasd","updatedAt":"2025-03-19T04:17:30.542Z","user":"67d9bef46c9708f48dc1341f"},"level":"info","message":"Post created successfully","service":"post-service","timestamp":"2025-03-19T04:17:30.585Z"}
{"level":"info","message":"Received GET request to /api/posts","service":"post-service","timestamp":"2025-03-19T04:17:35.119Z"}
{"level":"info","message":"Request body: {\"title\":\"some title\",\"text\":\"some text\"}","service":"post-service","timestamp":"2025-03-19T04:17:35.120Z"}
{"level":"info","message":"Getting all posts","service":"post-service","timestamp":"2025-03-19T04:17:35.122Z"}
{"level":"info","message":"Posts fetched successfully","service":"post-service","timestamp":"2025-03-19T04:17:35.211Z"}
{"level":"info","message":"Post service started on port 3008","service":"post-service","timestamp":"2025-03-19T04:18:40.918Z"}
{"level":"info","message":"Connected to database","service":"post-service","timestamp":"2025-03-19T04:18:41.452Z"}
{"level":"info","message":"Received GET request to /api/posts","service":"post-service","timestamp":"2025-03-19T04:18:50.938Z"}
{"level":"info","message":"Request body: {\"title\":\"some title\",\"text\":\"some text\"}","service":"post-service","timestamp":"2025-03-19T04:18:50.939Z"}
{"level":"info","message":"Getting all posts","service":"post-service","timestamp":"2025-03-19T04:18:50.945Z"}
{"level":"info","message":"Posts fetched from cache","service":"post-service","timestamp":"2025-03-19T04:18:50.947Z"}
{"level":"info","message":"Received GET request to /api/posts","service":"post-service","timestamp":"2025-03-19T04:19:06.391Z"}
{"level":"info","message":"Request body: {\"title\":\"some title\",\"text\":\"some text\"}","service":"post-service","timestamp":"2025-03-19T04:19:06.392Z"}
{"level":"info","message":"Getting all posts","service":"post-service","timestamp":"2025-03-19T04:19:06.409Z"}
{"level":"info","message":"Posts fetched from cache","service":"post-service","timestamp":"2025-03-19T04:19:06.411Z"}
{"level":"info","message":"Received GET request to /api/posts","service":"post-service","timestamp":"2025-03-19T04:19:07.728Z"}
{"level":"info","message":"Request body: {\"title\":\"some title\",\"text\":\"some text\"}","service":"post-service","timestamp":"2025-03-19T04:19:07.728Z"}
{"level":"info","message":"Getting all posts","service":"post-service","timestamp":"2025-03-19T04:19:07.731Z"}
{"level":"info","message":"Posts fetched from cache","service":"post-service","timestamp":"2025-03-19T04:19:07.733Z"}
{"level":"info","message":"Post service started on port 3008","service":"post-service","timestamp":"2025-03-19T04:21:53.516Z"}
{"level":"info","message":"Connected to database","service":"post-service","timestamp":"2025-03-19T04:21:54.036Z"}
{"level":"info","message":"Received GET request to /api/posts","service":"post-service","timestamp":"2025-03-19T04:22:12.869Z"}
{"level":"info","message":"Request body: {\"title\":\"some title\",\"text\":\"some text\"}","service":"post-service","timestamp":"2025-03-19T04:22:12.869Z"}
{"level":"info","message":"Getting all posts","service":"post-service","timestamp":"2025-03-19T04:22:12.873Z"}
{"level":"info","message":"Posts fetched from cache","service":"post-service","timestamp":"2025-03-19T04:22:12.874Z"}
{"level":"info","message":"Received POST request to /api/posts/create","service":"post-service","timestamp":"2025-03-19T04:22:16.493Z"}
{"level":"info","message":"Request body: {\"title\":\"some titleasdasdasd\",\"text\":\"some text234234\"}","service":"post-service","timestamp":"2025-03-19T04:22:16.494Z"}
{"level":"info","message":"Creating post","service":"post-service","timestamp":"2025-03-19T04:22:16.496Z"}
{"$__":{"$versionError":null,"activePaths":{"paths":{"text":"require","title":"require","user":"require"},"states":{"default":{},"modify":{},"require":{"text":true,"title":true,"user":true}}},"backup":{"activePaths":{"default":{"_id":true,"createdAt":true},"modify":{"mediaUrls":true,"text":true,"title":true,"updatedAt":true,"user":true}},"validationError":null},"cachedRequired":{},"inserting":true,"op":null,"pathsToScopes":{"mediaUrls":{"__v":0,"_id":"67da4678a12af261f347a963","createdAt":"2025-03-19T04:22:16.506Z","mediaUrls":[],"text":"some text234234","title":"some titleasdasdasd","updatedAt":"2025-03-19T04:22:16.506Z","user":"67d9bef46c9708f48dc1341f"}},"saveOptions":null,"savedState":{},"saving":null,"validating":null},"$isNew":false,"_doc":{"__v":0,"_id":"67da4678a12af261f347a963","createdAt":"2025-03-19T04:22:16.506Z","mediaUrls":[],"text":"some text234234","title":"some titleasdasdasd","updatedAt":"2025-03-19T04:22:16.506Z","user":"67d9bef46c9708f48dc1341f"},"level":"info","message":"Post created successfully","service":"post-service","timestamp":"2025-03-19T04:22:16.555Z"}
{"level":"info","message":"Received GET request to /api/posts","service":"post-service","timestamp":"2025-03-19T04:22:19.840Z"}
{"level":"info","message":"Request body: {\"title\":\"some title\",\"text\":\"some text\"}","service":"post-service","timestamp":"2025-03-19T04:22:19.840Z"}
{"level":"info","message":"Getting all posts","service":"post-service","timestamp":"2025-03-19T04:22:19.842Z"}
{"command":{"args":["posts:1:10","300","{\"success\":true,\"posts\":[{\"_id\":\"67da4678a12af261f347a963\",\"user\":\"67d9bef46c9708f48dc1341f\",\"title\":\"some titleasdasdasd\",\"text\":\"some text234234\",\"mediaUrls\":[],\"createdAt\":\"2025-03-19T04:22:16.506Z\",\"updatedAt\":\"2025-03-19T04:22:16.506Z\",\"__v\":0},{\"_id\":\"67da455a507742de178e5589\",\"user\":\"67d9bef46c9708f48dc1341f\",\"title\":\"some titleasdasdasd\",\"text\":\"some text234234\",\"mediaUrls\":[],\"createdAt\":\"2025-03-19T04:17:30.542Z\",\"updatedAt\":\"2025-03-19T04:17:30.542Z\",\"__v\":0},{\"_id\":\"67da4510507742de178e5585\",\"user\":\"67d9bef46c9708f48dc1341f\",\"title\":\"some titleasdasdasd\",\"text\":\"some text\",\"mediaUrls\":[],\"createdAt\":\"2025-03-19T04:16:16.708Z\",\"updatedAt\":\"2025-03-19T04:16:16.708Z\",\"__v\":0},{\"_id\":\"67da2bac27f0d2a88cafd3a7\",\"user\":\"67d9bef46c9708f48dc1341f\",\"title\":\"some title\",\"text\":\"some text\",\"mediaUrls\":[],\"createdAt\":\"2025-03-19T02:27:56.974Z\",\"updatedAt\":\"2025-03-19T02:27:56.974Z\",\"__v\":0},{\"_id\":\"67da29585fbf43881e5f0bc3\",\"user\":\"67d9bef46c9708f48dc1341f\",\"title\":\"some title\",\"text\":\"some text\",\"mediaUrls\":[],\"createdAt\":\"2025-03-19T02:18:00.436Z\",\"updatedAt\":\"2025-03-19T02:18:00.436Z\",\"__v\":0}],\"currentPage\":1,\"totalPages\":1,\"tatalPosts\":5}"],"name":"set"},"level":"error","message":"Error fetching posts ERR syntax error","service":"post-service","stack":"ReplyError: ERR syntax error\n    at parseError (/Users/ogoncharenko/Projects/social-media-microservices/post-service/node_modules/redis-parser/lib/parser.js:179:12)\n    at parseType (/Users/ogoncharenko/Projects/social-media-microservices/post-service/node_modules/redis-parser/lib/parser.js:302:14)","timestamp":"2025-03-19T04:22:19.931Z"}
{"level":"info","message":"Received GET request to /api/posts","service":"post-service","timestamp":"2025-03-19T04:22:44.584Z"}
{"level":"info","message":"Request body: {\"title\":\"some title\",\"text\":\"some text\"}","service":"post-service","timestamp":"2025-03-19T04:22:44.584Z"}
{"level":"info","message":"Getting all posts","service":"post-service","timestamp":"2025-03-19T04:22:44.585Z"}
{"command":{"args":["posts:1:10","300","{\"success\":true,\"posts\":[{\"_id\":\"67da4678a12af261f347a963\",\"user\":\"67d9bef46c9708f48dc1341f\",\"title\":\"some titleasdasdasd\",\"text\":\"some text234234\",\"mediaUrls\":[],\"createdAt\":\"2025-03-19T04:22:16.506Z\",\"updatedAt\":\"2025-03-19T04:22:16.506Z\",\"__v\":0},{\"_id\":\"67da455a507742de178e5589\",\"user\":\"67d9bef46c9708f48dc1341f\",\"title\":\"some titleasdasdasd\",\"text\":\"some text234234\",\"mediaUrls\":[],\"createdAt\":\"2025-03-19T04:17:30.542Z\",\"updatedAt\":\"2025-03-19T04:17:30.542Z\",\"__v\":0},{\"_id\":\"67da4510507742de178e5585\",\"user\":\"67d9bef46c9708f48dc1341f\",\"title\":\"some titleasdasdasd\",\"text\":\"some text\",\"mediaUrls\":[],\"createdAt\":\"2025-03-19T04:16:16.708Z\",\"updatedAt\":\"2025-03-19T04:16:16.708Z\",\"__v\":0},{\"_id\":\"67da2bac27f0d2a88cafd3a7\",\"user\":\"67d9bef46c9708f48dc1341f\",\"title\":\"some title\",\"text\":\"some text\",\"mediaUrls\":[],\"createdAt\":\"2025-03-19T02:27:56.974Z\",\"updatedAt\":\"2025-03-19T02:27:56.974Z\",\"__v\":0},{\"_id\":\"67da29585fbf43881e5f0bc3\",\"user\":\"67d9bef46c9708f48dc1341f\",\"title\":\"some title\",\"text\":\"some text\",\"mediaUrls\":[],\"createdAt\":\"2025-03-19T02:18:00.436Z\",\"updatedAt\":\"2025-03-19T02:18:00.436Z\",\"__v\":0}],\"currentPage\":1,\"totalPages\":1,\"tatalPosts\":5}"],"name":"set"},"level":"error","message":"Error fetching posts ERR syntax error","service":"post-service","stack":"ReplyError: ERR syntax error\n    at parseError (/Users/ogoncharenko/Projects/social-media-microservices/post-service/node_modules/redis-parser/lib/parser.js:179:12)\n    at parseType (/Users/ogoncharenko/Projects/social-media-microservices/post-service/node_modules/redis-parser/lib/parser.js:302:14)","timestamp":"2025-03-19T04:22:44.664Z"}
{"level":"info","message":"Post service started on port 3008","service":"post-service","timestamp":"2025-03-19T04:24:10.680Z"}
{"level":"info","message":"Connected to database","service":"post-service","timestamp":"2025-03-19T04:24:11.178Z"}
{"level":"info","message":"Received GET request to /api/posts","service":"post-service","timestamp":"2025-03-19T04:24:37.210Z"}
{"level":"info","message":"Request body: {\"title\":\"some title\",\"text\":\"some text\"}","service":"post-service","timestamp":"2025-03-19T04:24:37.210Z"}
{"level":"info","message":"Getting all posts","service":"post-service","timestamp":"2025-03-19T04:24:37.215Z"}
{"level":"info","message":"Posts fetched successfully","service":"post-service","timestamp":"2025-03-19T04:24:37.327Z"}
{"level":"info","message":"Received POST request to /api/posts/create","service":"post-service","timestamp":"2025-03-19T04:24:44.096Z"}
{"level":"info","message":"Request body: {\"title\":\"some titleasdasdasd\",\"text\":\"some text234234\"}","service":"post-service","timestamp":"2025-03-19T04:24:44.102Z"}
{"level":"info","message":"Creating post","service":"post-service","timestamp":"2025-03-19T04:24:44.106Z"}
{"$__":{"$versionError":null,"activePaths":{"paths":{"text":"require","title":"require","user":"require"},"states":{"default":{},"modify":{},"require":{"text":true,"title":true,"user":true}}},"backup":{"activePaths":{"default":{"_id":true,"createdAt":true},"modify":{"mediaUrls":true,"text":true,"title":true,"updatedAt":true,"user":true}},"validationError":null},"cachedRequired":{},"inserting":true,"op":null,"pathsToScopes":{"mediaUrls":{"__v":0,"_id":"67da470c1f42515b71a1f11f","createdAt":"2025-03-19T04:24:44.112Z","mediaUrls":[],"text":"some text234234","title":"some titleasdasdasd","updatedAt":"2025-03-19T04:24:44.112Z","user":"67d9bef46c9708f48dc1341f"}},"saveOptions":null,"savedState":{},"saving":null,"validating":null},"$isNew":false,"_doc":{"__v":0,"_id":"67da470c1f42515b71a1f11f","createdAt":"2025-03-19T04:24:44.112Z","mediaUrls":[],"text":"some text234234","title":"some titleasdasdasd","updatedAt":"2025-03-19T04:24:44.112Z","user":"67d9bef46c9708f48dc1341f"},"level":"info","message":"Post created successfully","service":"post-service","timestamp":"2025-03-19T04:24:44.158Z"}
{"level":"info","message":"Received GET request to /api/posts","service":"post-service","timestamp":"2025-03-19T04:24:48.881Z"}
{"level":"info","message":"Request body: {\"title\":\"some title\",\"text\":\"some text\"}","service":"post-service","timestamp":"2025-03-19T04:24:48.882Z"}
{"level":"info","message":"Getting all posts","service":"post-service","timestamp":"2025-03-19T04:24:48.885Z"}
{"level":"info","message":"Posts fetched successfully","service":"post-service","timestamp":"2025-03-19T04:24:48.970Z"}
{"level":"info","message":"Received GET request to /api/posts","service":"post-service","timestamp":"2025-03-19T04:24:50.987Z"}
{"level":"info","message":"Request body: {\"title\":\"some title\",\"text\":\"some text\"}","service":"post-service","timestamp":"2025-03-19T04:24:50.987Z"}
{"level":"info","message":"Getting all posts","service":"post-service","timestamp":"2025-03-19T04:24:50.989Z"}
{"level":"info","message":"Posts fetched from cache","service":"post-service","timestamp":"2025-03-19T04:24:50.991Z"}
{"level":"info","message":"Received GET request to /api/posts","service":"post-service","timestamp":"2025-03-19T04:29:49.010Z"}
{"level":"info","message":"Request body: {\"title\":\"some title\",\"text\":\"some text\"}","service":"post-service","timestamp":"2025-03-19T04:29:49.012Z"}
{"level":"info","message":"Getting all posts","service":"post-service","timestamp":"2025-03-19T04:29:49.016Z"}
{"level":"info","message":"Posts fetched successfully","service":"post-service","timestamp":"2025-03-19T04:29:49.137Z"}
{"level":"info","message":"Received GET request to /api/posts","service":"post-service","timestamp":"2025-03-19T04:29:50.741Z"}
{"level":"info","message":"Request body: {\"title\":\"some title\",\"text\":\"some text\"}","service":"post-service","timestamp":"2025-03-19T04:29:50.741Z"}
{"level":"info","message":"Getting all posts","service":"post-service","timestamp":"2025-03-19T04:29:50.752Z"}
{"level":"info","message":"Posts fetched from cache","service":"post-service","timestamp":"2025-03-19T04:29:50.753Z"}
{"level":"info","message":"Post service started on port 3008","service":"post-service","timestamp":"2025-03-19T04:30:46.614Z"}
{"level":"info","message":"Connected to database","service":"post-service","timestamp":"2025-03-19T04:30:47.235Z"}
{"level":"info","message":"Post service started on port 3008","service":"post-service","timestamp":"2025-03-19T04:34:02.958Z"}
{"level":"info","message":"Connected to database","service":"post-service","timestamp":"2025-03-19T04:34:03.562Z"}
{"level":"info","message":"Post service started on port 3008","service":"post-service","timestamp":"2025-03-19T04:34:37.075Z"}
{"level":"info","message":"Connected to database","service":"post-service","timestamp":"2025-03-19T04:34:37.614Z"}
{"level":"info","message":"Received GET request to /api/posts/1","service":"post-service","timestamp":"2025-03-19T04:34:50.698Z"}
{"level":"info","message":"Request body: {\"title\":\"some title\",\"text\":\"some text\"}","service":"post-service","timestamp":"2025-03-19T04:34:50.699Z"}
{"level":"info","message":"Getting post","service":"post-service","timestamp":"2025-03-19T04:34:50.702Z"}
{"kind":"ObjectId","level":"error","message":"Error fetching post Cast to ObjectId failed for value \"1\" (type string) at path \"_id\" for model \"Post\"","path":"_id","reason":{},"service":"post-service","stack":"CastError: Cast to ObjectId failed for value \"1\" (type string) at path \"_id\" for model \"Post\"\n    at SchemaObjectId.cast (/Users/ogoncharenko/Projects/social-media-microservices/post-service/node_modules/mongoose/lib/schema/objectId.js:251:11)\n    at SchemaType.applySetters (/Users/ogoncharenko/Projects/social-media-microservices/post-service/node_modules/mongoose/lib/schemaType.js:1255:12)\n    at SchemaType.castForQuery (/Users/ogoncharenko/Projects/social-media-microservices/post-service/node_modules/mongoose/lib/schemaType.js:1673:17)\n    at cast (/Users/ogoncharenko/Projects/social-media-microservices/post-service/node_modules/mongoose/lib/cast.js:390:32)\n    at Query.cast (/Users/ogoncharenko/Projects/social-media-microservices/post-service/node_modules/mongoose/lib/query.js:4907:12)\n    at Query._castConditions (/Users/ogoncharenko/Projects/social-media-microservices/post-service/node_modules/mongoose/lib/query.js:2325:10)\n    at model.Query._findOne (/Users/ogoncharenko/Projects/social-media-microservices/post-service/node_modules/mongoose/lib/query.js:2648:8)\n    at model.Query.exec (/Users/ogoncharenko/Projects/social-media-microservices/post-service/node_modules/mongoose/lib/query.js:4456:80)\n    at process.processTicksAndRejections (node:internal/process/task_queues:105:5)\n    at async getPost (file:///Users/ogoncharenko/Projects/social-media-microservices/post-service/src/controllers/postController.js:97:18)","stringValue":"\"1\"","timestamp":"2025-03-19T04:34:50.706Z","value":"1","valueType":"string"}
{"level":"info","message":"Received GET request to /api/posts/2","service":"post-service","timestamp":"2025-03-19T04:34:54.461Z"}
{"level":"info","message":"Request body: {\"title\":\"some title\",\"text\":\"some text\"}","service":"post-service","timestamp":"2025-03-19T04:34:54.462Z"}
{"level":"info","message":"Getting post","service":"post-service","timestamp":"2025-03-19T04:34:54.472Z"}
{"kind":"ObjectId","level":"error","message":"Error fetching post Cast to ObjectId failed for value \"2\" (type string) at path \"_id\" for model \"Post\"","path":"_id","reason":{},"service":"post-service","stack":"CastError: Cast to ObjectId failed for value \"2\" (type string) at path \"_id\" for model \"Post\"\n    at SchemaObjectId.cast (/Users/ogoncharenko/Projects/social-media-microservices/post-service/node_modules/mongoose/lib/schema/objectId.js:251:11)\n    at SchemaType.applySetters (/Users/ogoncharenko/Projects/social-media-microservices/post-service/node_modules/mongoose/lib/schemaType.js:1255:12)\n    at SchemaType.castForQuery (/Users/ogoncharenko/Projects/social-media-microservices/post-service/node_modules/mongoose/lib/schemaType.js:1673:17)\n    at cast (/Users/ogoncharenko/Projects/social-media-microservices/post-service/node_modules/mongoose/lib/cast.js:390:32)\n    at Query.cast (/Users/ogoncharenko/Projects/social-media-microservices/post-service/node_modules/mongoose/lib/query.js:4907:12)\n    at Query._castConditions (/Users/ogoncharenko/Projects/social-media-microservices/post-service/node_modules/mongoose/lib/query.js:2325:10)\n    at model.Query._findOne (/Users/ogoncharenko/Projects/social-media-microservices/post-service/node_modules/mongoose/lib/query.js:2648:8)\n    at model.Query.exec (/Users/ogoncharenko/Projects/social-media-microservices/post-service/node_modules/mongoose/lib/query.js:4456:80)\n    at process.processTicksAndRejections (node:internal/process/task_queues:105:5)\n    at async getPost (file:///Users/ogoncharenko/Projects/social-media-microservices/post-service/src/controllers/postController.js:97:18)","stringValue":"\"2\"","timestamp":"2025-03-19T04:34:54.474Z","value":"2","valueType":"string"}
{"level":"info","message":"Received GET request to /api/posts/3","service":"post-service","timestamp":"2025-03-19T04:34:56.418Z"}
{"level":"info","message":"Request body: {\"title\":\"some title\",\"text\":\"some text\"}","service":"post-service","timestamp":"2025-03-19T04:34:56.419Z"}
{"level":"info","message":"Getting post","service":"post-service","timestamp":"2025-03-19T04:34:56.421Z"}
{"kind":"ObjectId","level":"error","message":"Error fetching post Cast to ObjectId failed for value \"3\" (type string) at path \"_id\" for model \"Post\"","path":"_id","reason":{},"service":"post-service","stack":"CastError: Cast to ObjectId failed for value \"3\" (type string) at path \"_id\" for model \"Post\"\n    at SchemaObjectId.cast (/Users/ogoncharenko/Projects/social-media-microservices/post-service/node_modules/mongoose/lib/schema/objectId.js:251:11)\n    at SchemaType.applySetters (/Users/ogoncharenko/Projects/social-media-microservices/post-service/node_modules/mongoose/lib/schemaType.js:1255:12)\n    at SchemaType.castForQuery (/Users/ogoncharenko/Projects/social-media-microservices/post-service/node_modules/mongoose/lib/schemaType.js:1673:17)\n    at cast (/Users/ogoncharenko/Projects/social-media-microservices/post-service/node_modules/mongoose/lib/cast.js:390:32)\n    at Query.cast (/Users/ogoncharenko/Projects/social-media-microservices/post-service/node_modules/mongoose/lib/query.js:4907:12)\n    at Query._castConditions (/Users/ogoncharenko/Projects/social-media-microservices/post-service/node_modules/mongoose/lib/query.js:2325:10)\n    at model.Query._findOne (/Users/ogoncharenko/Projects/social-media-microservices/post-service/node_modules/mongoose/lib/query.js:2648:8)\n    at model.Query.exec (/Users/ogoncharenko/Projects/social-media-microservices/post-service/node_modules/mongoose/lib/query.js:4456:80)\n    at process.processTicksAndRejections (node:internal/process/task_queues:105:5)\n    at async getPost (file:///Users/ogoncharenko/Projects/social-media-microservices/post-service/src/controllers/postController.js:97:18)","stringValue":"\"3\"","timestamp":"2025-03-19T04:34:56.423Z","value":"3","valueType":"string"}
{"level":"info","message":"Received GET request to /api/posts/4","service":"post-service","timestamp":"2025-03-19T04:34:57.727Z"}
{"level":"info","message":"Request body: {\"title\":\"some title\",\"text\":\"some text\"}","service":"post-service","timestamp":"2025-03-19T04:34:57.727Z"}
{"level":"info","message":"Getting post","service":"post-service","timestamp":"2025-03-19T04:34:57.729Z"}
{"kind":"ObjectId","level":"error","message":"Error fetching post Cast to ObjectId failed for value \"4\" (type string) at path \"_id\" for model \"Post\"","path":"_id","reason":{},"service":"post-service","stack":"CastError: Cast to ObjectId failed for value \"4\" (type string) at path \"_id\" for model \"Post\"\n    at SchemaObjectId.cast (/Users/ogoncharenko/Projects/social-media-microservices/post-service/node_modules/mongoose/lib/schema/objectId.js:251:11)\n    at SchemaType.applySetters (/Users/ogoncharenko/Projects/social-media-microservices/post-service/node_modules/mongoose/lib/schemaType.js:1255:12)\n    at SchemaType.castForQuery (/Users/ogoncharenko/Projects/social-media-microservices/post-service/node_modules/mongoose/lib/schemaType.js:1673:17)\n    at cast (/Users/ogoncharenko/Projects/social-media-microservices/post-service/node_modules/mongoose/lib/cast.js:390:32)\n    at Query.cast (/Users/ogoncharenko/Projects/social-media-microservices/post-service/node_modules/mongoose/lib/query.js:4907:12)\n    at Query._castConditions (/Users/ogoncharenko/Projects/social-media-microservices/post-service/node_modules/mongoose/lib/query.js:2325:10)\n    at model.Query._findOne (/Users/ogoncharenko/Projects/social-media-microservices/post-service/node_modules/mongoose/lib/query.js:2648:8)\n    at model.Query.exec (/Users/ogoncharenko/Projects/social-media-microservices/post-service/node_modules/mongoose/lib/query.js:4456:80)\n    at process.processTicksAndRejections (node:internal/process/task_queues:105:5)\n    at async getPost (file:///Users/ogoncharenko/Projects/social-media-microservices/post-service/src/controllers/postController.js:97:18)","stringValue":"\"4\"","timestamp":"2025-03-19T04:34:57.733Z","value":"4","valueType":"string"}
{"level":"info","message":"Received GET request to /api/posts/67da4678a12af261f347a963","service":"post-service","timestamp":"2025-03-19T04:35:18.353Z"}
{"level":"info","message":"Request body: {\"title\":\"some title\",\"text\":\"some text\"}","service":"post-service","timestamp":"2025-03-19T04:35:18.354Z"}
{"level":"info","message":"Getting post","service":"post-service","timestamp":"2025-03-19T04:35:18.358Z"}
{"level":"info","message":"Post fetched successfully","service":"post-service","timestamp":"2025-03-19T04:35:18.416Z"}
{"level":"info","message":"Received GET request to /api/posts/67da4678a12af261f347a963","service":"post-service","timestamp":"2025-03-19T04:35:27.173Z"}
{"level":"info","message":"Request body: {\"title\":\"some title\",\"text\":\"some text\"}","service":"post-service","timestamp":"2025-03-19T04:35:27.173Z"}
{"level":"info","message":"Getting post","service":"post-service","timestamp":"2025-03-19T04:35:27.176Z"}
{"level":"info","message":"Post fetched from cache","service":"post-service","timestamp":"2025-03-19T04:35:27.180Z"}
{"level":"info","message":"Received GET request to /api/posts/67da4678a12af261f347a963","service":"post-service","timestamp":"2025-03-19T04:35:28.796Z"}
{"level":"info","message":"Request body: {\"title\":\"some title\",\"text\":\"some text\"}","service":"post-service","timestamp":"2025-03-19T04:35:28.796Z"}
{"level":"info","message":"Getting post","service":"post-service","timestamp":"2025-03-19T04:35:28.798Z"}
{"level":"info","message":"Post fetched from cache","service":"post-service","timestamp":"2025-03-19T04:35:28.799Z"}
{"level":"info","message":"Received GET request to /api/posts/67da4678a12af261f347a963","service":"post-service","timestamp":"2025-03-19T04:35:30.392Z"}
{"level":"info","message":"Request body: {\"title\":\"some title\",\"text\":\"some text\"}","service":"post-service","timestamp":"2025-03-19T04:35:30.393Z"}
{"level":"info","message":"Getting post","service":"post-service","timestamp":"2025-03-19T04:35:30.397Z"}
{"level":"info","message":"Post fetched from cache","service":"post-service","timestamp":"2025-03-19T04:35:30.398Z"}
{"level":"info","message":"Post service started on port 3008","service":"post-service","timestamp":"2025-03-19T04:37:46.871Z"}
{"level":"info","message":"Connected to database","service":"post-service","timestamp":"2025-03-19T04:37:47.492Z"}
{"level":"info","message":"Post service started on port 3008","service":"post-service","timestamp":"2025-03-19T04:38:15.432Z"}
{"level":"info","message":"Connected to database","service":"post-service","timestamp":"2025-03-19T04:38:15.984Z"}
{"level":"info","message":"Post service started on port 3008","service":"post-service","timestamp":"2025-03-19T04:40:03.369Z"}
{"level":"info","message":"Connected to database","service":"post-service","timestamp":"2025-03-19T04:40:04.301Z"}
{"level":"info","message":"Post service started on port 3008","service":"post-service","timestamp":"2025-03-19T04:41:20.969Z"}
{"level":"info","message":"Connected to database","service":"post-service","timestamp":"2025-03-19T04:41:21.596Z"}
{"level":"info","message":"Received DELETE request to /api/posts/67da4678a12af261f347a963","service":"post-service","timestamp":"2025-03-19T04:41:53.008Z"}
{"level":"info","message":"Request body: {\"title\":\"some title\",\"text\":\"some text\"}","service":"post-service","timestamp":"2025-03-19T04:41:53.009Z"}
{"level":"info","message":"Deleting post","service":"post-service","timestamp":"2025-03-19T04:41:53.014Z"}
{"level":"info","message":"Post deleted successfully","service":"post-service","timestamp":"2025-03-19T04:41:53.094Z"}
{"level":"info","message":"Received DELETE request to /api/posts/67da4678a12af261f347a963","service":"post-service","timestamp":"2025-03-19T04:41:59.089Z"}
{"level":"info","message":"Request body: {\"title\":\"some title\",\"text\":\"some text\"}","service":"post-service","timestamp":"2025-03-19T04:41:59.092Z"}
{"level":"info","message":"Deleting post","service":"post-service","timestamp":"2025-03-19T04:41:59.105Z"}
{"level":"warn","message":"Post not found","service":"post-service","timestamp":"2025-03-19T04:41:59.169Z"}
{"level":"info","message":"Received GET request to /api/posts","service":"post-service","timestamp":"2025-03-19T04:42:07.137Z"}
{"level":"info","message":"Request body: {\"title\":\"some title\",\"text\":\"some text\"}","service":"post-service","timestamp":"2025-03-19T04:42:07.138Z"}
{"level":"info","message":"Getting all posts","service":"post-service","timestamp":"2025-03-19T04:42:07.141Z"}
{"level":"info","message":"Posts fetched successfully","service":"post-service","timestamp":"2025-03-19T04:42:07.278Z"}
{"level":"info","message":"Received GET request to /api/posts","service":"post-service","timestamp":"2025-03-19T04:46:43.857Z"}
{"level":"info","message":"Request body: {\"title\":\"some title\",\"text\":\"some text\"}","service":"post-service","timestamp":"2025-03-19T04:46:43.859Z"}
{"level":"info","message":"Getting all posts","service":"post-service","timestamp":"2025-03-19T04:46:43.867Z"}
{"level":"info","message":"Posts fetched from cache","service":"post-service","timestamp":"2025-03-19T04:46:43.875Z"}
{"level":"info","message":"Received GET request to /api/posts","service":"post-service","timestamp":"2025-03-19T04:46:45.838Z"}
{"level":"info","message":"Request body: {\"title\":\"some title\",\"text\":\"some text\"}","service":"post-service","timestamp":"2025-03-19T04:46:45.839Z"}
{"level":"info","message":"Getting all posts","service":"post-service","timestamp":"2025-03-19T04:46:45.846Z"}
{"level":"info","message":"Posts fetched from cache","service":"post-service","timestamp":"2025-03-19T04:46:45.848Z"}
