{"level":"info","message":"Server started on port 3010","service":"identity-service","timestamp":"2025-03-18T18:05:45.565Z"}
{"level":"error","message":"unhandledRejection","service":"identity-service","timestamp":"2025-03-18T18:05:45.573Z"}
{"level":"error","message":"unhandledRejection","service":"identity-service","timestamp":"2025-03-18T18:05:45.573Z"}
{"level":"info","message":"Server started on port 3010","service":"identity-service","timestamp":"2025-03-18T18:09:07.043Z"}
{"level":"error","message":"unhandledRejection","service":"identity-service","timestamp":"2025-03-18T18:09:07.045Z"}
{"level":"error","message":"unhandledRejection","service":"identity-service","timestamp":"2025-03-18T18:09:07.045Z"}
{"level":"info","message":"Server started on port 3010","service":"identity-service","timestamp":"2025-03-18T18:11:13.840Z"}
{"level":"error","message":"unhandledRejection","service":"identity-service","timestamp":"2025-03-18T18:11:13.843Z"}
{"level":"error","message":"unhandledRejection","service":"identity-service","timestamp":"2025-03-18T18:11:13.843Z"}
{"level":"info","message":"Server started on port 3010","service":"identity-service","timestamp":"2025-03-18T18:11:49.415Z"}
{"level":"error","message":"unhandledRejection","service":"identity-service","timestamp":"2025-03-18T18:11:49.417Z"}
{"level":"error","message":"unhandledRejection","service":"identity-service","timestamp":"2025-03-18T18:11:49.417Z"}
{"level":"info","message":"Server started on port 3010","service":"identity-service","timestamp":"2025-03-18T18:13:58.256Z"}
{"level":"error","message":"unhandledRejection","service":"identity-service","timestamp":"2025-03-18T18:13:58.258Z"}
{"level":"error","message":"unhandledRejection","service":"identity-service","timestamp":"2025-03-18T18:13:58.258Z"}
{"level":"info","message":"Connected to database","service":"identity-service","timestamp":"2025-03-18T18:13:58.814Z"}
{"level":"info","message":"Server started on port 3010","service":"identity-service","timestamp":"2025-03-18T18:14:23.220Z"}
{"level":"error","message":"unhandledRejection","service":"identity-service","timestamp":"2025-03-18T18:14:23.221Z"}
{"level":"error","message":"unhandledRejection","service":"identity-service","timestamp":"2025-03-18T18:14:23.221Z"}
{"level":"info","message":"Server started on port 3010","service":"identity-service","timestamp":"2025-03-18T18:15:40.633Z"}
{"level":"error","message":"unhandledRejection","service":"identity-service","timestamp":"2025-03-18T18:15:40.640Z"}
{"level":"error","message":"unhandledRejection","service":"identity-service","timestamp":"2025-03-18T18:15:40.641Z"}
{"level":"info","message":"Server started on port 3010","service":"identity-service","timestamp":"2025-03-18T18:18:05.079Z"}
{"level":"error","message":"unhandledRejection","service":"identity-service","timestamp":"2025-03-18T18:18:05.080Z"}
{"level":"error","message":"unhandledRejection","service":"identity-service","timestamp":"2025-03-18T18:18:05.080Z"}
{"level":"info","message":"Server started on port 3010","service":"identity-service","timestamp":"2025-03-18T18:19:09.357Z"}
{"level":"error","message":"unhandledRejection","service":"identity-service","timestamp":"2025-03-18T18:19:09.360Z"}
{"level":"error","message":"unhandledRejection","service":"identity-service","timestamp":"2025-03-18T18:19:09.360Z"}
{"level":"info","message":"Server started on port 3010","service":"identity-service","timestamp":"2025-03-18T18:19:16.799Z"}
{"level":"error","message":"unhandledRejection","service":"identity-service","timestamp":"2025-03-18T18:19:16.801Z"}
{"level":"error","message":"unhandledRejection","service":"identity-service","timestamp":"2025-03-18T18:19:16.801Z"}
{"level":"info","message":"Server started on port 3010","service":"identity-service","timestamp":"2025-03-18T18:25:06.632Z"}
{"level":"info","message":"Connected to database","service":"identity-service","timestamp":"2025-03-18T18:25:07.199Z"}
{"level":"info","message":"Server started on port 3010","service":"identity-service","timestamp":"2025-03-18T18:27:11.675Z"}
{"level":"info","message":"Connected to database","service":"identity-service","timestamp":"2025-03-18T18:27:12.249Z"}
{"level":"info","message":"Received POST request to /api/auth/register","service":"identity-service","timestamp":"2025-03-18T18:28:36.691Z"}
{"level":"info","message":"Request body: {\"username\":\"yana\",\"email\":\"yana@gmail.com\",\"password\":\"123456\"}","service":"identity-service","timestamp":"2025-03-18T18:28:36.692Z"}
{"level":"info","message":"Registering user","service":"identity-service","timestamp":"2025-03-18T18:28:36.721Z"}
{"buffer":{"data":[103,217,187,84,225,52,138,118,100,248,118,18],"type":"Buffer"},"level":"warn","message":"User registered successfully","service":"identity-service","timestamp":"2025-03-18T18:28:36.864Z"}
{"level":"error","message":"Error registering user expiresAt.getDate is not a function","service":"identity-service","stack":"TypeError: expiresAt.getDate is not a function\n    at generateTokens (file:///Users/ogoncharenko/Projects/social-media-microservices/identity-service/src/utils/generateToken.js:17:31)\n    at registerUser (file:///Users/ogoncharenko/Projects/social-media-microservices/identity-service/src/controllers/identityController.js:30:49)\n    at process.processTicksAndRejections (node:internal/process/task_queues:105:5)","timestamp":"2025-03-18T18:28:36.868Z"}
{"level":"info","message":"Server started on port 3010","service":"identity-service","timestamp":"2025-03-18T18:36:57.378Z"}
{"level":"info","message":"Connected to database","service":"identity-service","timestamp":"2025-03-18T18:36:57.867Z"}
{"level":"info","message":"Server started on port 3010","service":"identity-service","timestamp":"2025-03-18T18:40:31.515Z"}
{"level":"info","message":"Connected to database","service":"identity-service","timestamp":"2025-03-18T18:40:32.001Z"}
{"level":"info","message":"Server started on port 3010","service":"identity-service","timestamp":"2025-03-18T18:41:01.438Z"}
{"level":"info","message":"Connected to database","service":"identity-service","timestamp":"2025-03-18T18:41:01.875Z"}
{"level":"info","message":"Server started on port 3010","service":"identity-service","timestamp":"2025-03-18T18:43:56.100Z"}
{"level":"info","message":"Connected to database","service":"identity-service","timestamp":"2025-03-18T18:43:56.578Z"}
{"level":"info","message":"Received POST request to /api/auth/register","service":"identity-service","timestamp":"2025-03-18T18:44:04.469Z"}
{"level":"info","message":"Request body: {\"username\":\"yana\",\"email\":\"yana@gmail.com\",\"password\":\"123456\"}","service":"identity-service","timestamp":"2025-03-18T18:44:04.470Z"}
{"level":"info","message":"Registering user","service":"identity-service","timestamp":"2025-03-18T18:44:04.494Z"}
{"buffer":{"data":[103,217,190,244,108,151,8,244,141,193,52,31],"type":"Buffer"},"level":"warn","message":"User registered successfully","service":"identity-service","timestamp":"2025-03-18T18:44:04.625Z"}
{"level":"info","message":"Received POST request to /api/auth/register","service":"identity-service","timestamp":"2025-03-18T18:45:33.832Z"}
{"level":"info","message":"Request body: {\"username\":\"yana\",\"email\":\"yana@gmail.com\",\"password\":\"123456\"}","service":"identity-service","timestamp":"2025-03-18T18:45:33.846Z"}
{"level":"info","message":"Registering user","service":"identity-service","timestamp":"2025-03-18T18:45:33.886Z"}
{"level":"warn","message":"User already exists","service":"identity-service","timestamp":"2025-03-18T18:45:33.948Z"}
{"level":"info","message":"Received POST request to /api/auth/register","service":"identity-service","timestamp":"2025-03-18T18:45:50.008Z"}
{"level":"info","message":"Request body: {\"username\":\"yana\",\"email\":\"yana@gmail.com\",\"password\":\"1234\"}","service":"identity-service","timestamp":"2025-03-18T18:45:50.012Z"}
{"level":"info","message":"Registering user","service":"identity-service","timestamp":"2025-03-18T18:45:50.061Z"}
{"0":"\"","1":"p","10":" ","11":"l","12":"e","13":"n","14":"g","15":"t","16":"h","17":" ","18":"m","19":"u","2":"a","20":"s","21":"t","22":" ","23":"b","24":"e","25":" ","26":"a","27":"t","28":" ","29":"l","3":"s","30":"e","31":"a","32":"s","33":"t","34":" ","35":"6","36":" ","37":"c","38":"h","39":"a","4":"s","40":"r","41":"a","42":"c","43":"t","44":"e","45":"r","46":"s","47":" ","48":"l","49":"o","5":"w","50":"n","51":"g","6":"o","7":"r","8":"d","9":"\"","level":"warn","message":"Validation error","service":"identity-service","timestamp":"2025-03-18T18:45:50.071Z"}
{"level":"info","message":"Received POST request to /api/auth/register","service":"identity-service","timestamp":"2025-03-18T18:45:56.333Z"}
{"level":"info","message":"Request body: {\"username\":\"yana\",\"email\":\"yana@gmail.com\",\"password\":\"123456\"}","service":"identity-service","timestamp":"2025-03-18T18:45:56.334Z"}
{"level":"info","message":"Registering user","service":"identity-service","timestamp":"2025-03-18T18:45:56.340Z"}
{"level":"warn","message":"User already exists","service":"identity-service","timestamp":"2025-03-18T18:45:56.391Z"}
